2023-01-05 19:27:20,397 [Worker-5: Loading available Gradle versions] INFO  o.e.b.c.i.u.g.PublishedGradleVersions - Gradle version information cache is up-to-date. Trying to read.
2023-01-05 20:31:22,247 [Worker-0: Loading available Gradle versions] INFO  o.e.b.c.i.u.g.PublishedGradleVersions - Gradle version information cache is up-to-date. Trying to read.
2023-01-05 20:40:53,419 [Worker-2: Loading available Gradle versions] INFO  o.e.b.c.i.u.g.PublishedGradleVersions - Gradle version information cache is up-to-date. Trying to read.
2023-01-05 20:43:17,793 [Worker-2: Loading available Gradle versions] INFO  o.e.b.c.i.u.g.PublishedGradleVersions - Gradle version information cache is up-to-date. Trying to read.
2023-01-05 20:46:09,721 [Worker-3: Loading available Gradle versions] INFO  o.e.b.c.i.u.g.PublishedGradleVersions - Gradle version information cache is up-to-date. Trying to read.
2023-01-05 20:46:37,087 [Worker-3: Updating Maven Dependencies] INFO  o.e.m.c.i.l.LifecycleMappingFactory - Using org.eclipse.m2e.jdt.JarLifecycleMapping lifecycle mapping for MavenProject: dalal:dalalstreet:0.0.1-SNAPSHOT @ F:\DalaStreetFramework\DalalStreetFramework\dalalstreet\pom.xml.
2023-01-05 20:46:38,270 [Worker-11: Building] INFO  o.e.m.c.i.l.LifecycleMappingFactory - Using org.eclipse.m2e.jdt.JarLifecycleMapping lifecycle mapping for MavenProject: dalal:dalalstreet:0.0.1-SNAPSHOT @ F:\DalaStreetFramework\DalalStreetFramework\dalalstreet\pom.xml.
2023-01-05 20:46:40,216 [Worker-11: Building] INFO  o.e.m.c.i.embedder.EclipseLogger - Using 'UTF-8' encoding to copy filtered resources.
2023-01-05 20:46:40,216 [Worker-11: Building] INFO  o.e.m.c.i.embedder.EclipseLogger - skip non existing resourceDirectory F:\DalaStreetFramework\DalalStreetFramework\dalalstreet\src\main\resources
2023-01-05 20:46:40,220 [Worker-11: Building] INFO  o.e.m.c.i.embedder.EclipseLogger - Using 'UTF-8' encoding to copy filtered resources.
2023-01-05 20:46:40,220 [Worker-11: Building] INFO  o.e.m.c.i.embedder.EclipseLogger - skip non existing resourceDirectory F:\DalaStreetFramework\DalalStreetFramework\dalalstreet\src\test\resources
2023-01-05 20:46:42,237 [Worker-8: Updating Maven Dependencies] INFO  o.e.m.c.i.l.LifecycleMappingFactory - Using org.eclipse.m2e.jdt.JarLifecycleMapping lifecycle mapping for MavenProject: dalal:dalalstreet:0.0.1-SNAPSHOT @ F:\DalaStreetFramework\DalalStreetFramework\dalalstreet\pom.xml.
2023-01-05 20:46:42,909 [Worker-5: Building] INFO  o.e.m.c.i.embedder.EclipseLogger - Using 'UTF-8' encoding to copy filtered resources.
2023-01-05 20:46:42,909 [Worker-5: Building] INFO  o.e.m.c.i.embedder.EclipseLogger - skip non existing resourceDirectory F:\DalaStreetFramework\DalalStreetFramework\dalalstreet\src\main\resources
2023-01-05 20:46:42,933 [Worker-5: Building] INFO  o.e.m.c.i.embedder.EclipseLogger - Using 'UTF-8' encoding to copy filtered resources.
2023-01-05 20:46:42,934 [Worker-5: Building] INFO  o.e.m.c.i.embedder.EclipseLogger - skip non existing resourceDirectory F:\DalaStreetFramework\DalalStreetFramework\dalalstreet\src\test\resources
2023-01-05 20:46:44,367 [Worker-1: Building] INFO  o.e.m.c.i.embedder.EclipseLogger - Using 'UTF-8' encoding to copy filtered resources.
2023-01-05 20:46:44,367 [Worker-1: Building] INFO  o.e.m.c.i.embedder.EclipseLogger - skip non existing resourceDirectory F:\DalaStreetFramework\DalalStreetFramework\dalalstreet\src\main\resources
2023-01-05 20:46:44,369 [Worker-1: Building] INFO  o.e.m.c.i.embedder.EclipseLogger - Using 'UTF-8' encoding to copy filtered resources.
2023-01-05 20:46:44,369 [Worker-1: Building] INFO  o.e.m.c.i.embedder.EclipseLogger - skip non existing resourceDirectory F:\DalaStreetFramework\DalalStreetFramework\dalalstreet\src\test\resources
2023-01-05 20:48:16,614 [Worker-1: Building] INFO  o.e.m.c.i.embedder.EclipseLogger - Using 'UTF-8' encoding to copy filtered resources.
2023-01-05 20:48:16,614 [Worker-1: Building] INFO  o.e.m.c.i.embedder.EclipseLogger - skip non existing resourceDirectory F:\DalaStreetFramework\DalalStreetFramework\dalalstreet\src\main\resources
2023-01-05 20:48:16,617 [Worker-1: Building] INFO  o.e.m.c.i.embedder.EclipseLogger - Using 'UTF-8' encoding to copy filtered resources.
2023-01-05 20:48:16,618 [Worker-1: Building] INFO  o.e.m.c.i.embedder.EclipseLogger - skip non existing resourceDirectory F:\DalaStreetFramework\DalalStreetFramework\dalalstreet\src\test\resources
2023-01-05 20:50:41,687 [Worker-7: Building] INFO  o.e.m.c.i.embedder.EclipseLogger - Using 'UTF-8' encoding to copy filtered resources.
2023-01-05 20:50:41,688 [Worker-7: Building] INFO  o.e.m.c.i.embedder.EclipseLogger - skip non existing resourceDirectory F:\DalaStreetFramework\DalalStreetFramework\dalalstreet\src\main\resources
2023-01-05 20:50:41,690 [Worker-7: Building] INFO  o.e.m.c.i.embedder.EclipseLogger - Using 'UTF-8' encoding to copy filtered resources.
2023-01-05 20:50:41,691 [Worker-7: Building] INFO  o.e.m.c.i.embedder.EclipseLogger - skip non existing resourceDirectory F:\DalaStreetFramework\DalalStreetFramework\dalalstreet\src\test\resources
2023-01-05 20:50:42,718 [Worker-13: Building] INFO  o.e.m.c.i.embedder.EclipseLogger - Using 'UTF-8' encoding to copy filtered resources.
2023-01-05 20:50:42,718 [Worker-13: Building] INFO  o.e.m.c.i.embedder.EclipseLogger - skip non existing resourceDirectory F:\DalaStreetFramework\DalalStreetFramework\dalalstreet\src\main\resources
2023-01-05 20:50:42,720 [Worker-13: Building] INFO  o.e.m.c.i.embedder.EclipseLogger - Using 'UTF-8' encoding to copy filtered resources.
2023-01-05 20:50:42,720 [Worker-13: Building] INFO  o.e.m.c.i.embedder.EclipseLogger - skip non existing resourceDirectory F:\DalaStreetFramework\DalalStreetFramework\dalalstreet\src\test\resources
2023-01-24 22:41:28,028 [Worker-5: Loading available Gradle versions] INFO  o.e.b.c.i.u.g.PublishedGradleVersions - Gradle version information cache is up-to-date. Trying to read.
2023-01-24 22:49:27,521 [Worker-22: Building] INFO  o.e.m.c.i.l.LifecycleMappingFactory - Using org.eclipse.m2e.jdt.JarLifecycleMapping lifecycle mapping for MavenProject: dalal:dalalstreet:0.0.1-SNAPSHOT @ C:\Users\Asus\Documents\GitHub\PiyuhDalalstreet\dalalstreet\pom.xml.
2023-01-24 22:49:27,521 [Worker-24: Updating Maven Dependencies] INFO  o.e.m.c.i.l.LifecycleMappingFactory - Using org.eclipse.m2e.jdt.JarLifecycleMapping lifecycle mapping for MavenProject: dalal:dalalstreet:0.0.1-SNAPSHOT @ C:\Users\Asus\Documents\GitHub\PiyuhDalalstreet\dalalstreet\pom.xml.
2023-01-24 22:49:29,953 [Worker-22: Building] INFO  o.e.m.c.i.e.AbstractTransferListenerAdapter - Downloading https://repo.maven.apache.org/maven2/io/github/bonigarcia/webdrivermanager/5.0.3/webdrivermanager-5.0.3.pom
2023-01-24 22:49:29,953 [Worker-24: Updating Maven Dependencies] INFO  o.e.m.c.i.e.AbstractTransferListenerAdapter - Downloading https://repo.maven.apache.org/maven2/io/github/bonigarcia/webdrivermanager/5.0.3/webdrivermanager-5.0.3.pom
2023-01-24 22:49:30,319 [Worker-22: Building] INFO  o.e.m.c.i.e.AbstractTransferListenerAdapter - Downloaded https://repo.maven.apache.org/maven2/io/github/bonigarcia/webdrivermanager/5.0.3/webdrivermanager-5.0.3.pom
2023-01-24 22:49:30,387 [Worker-24: Updating Maven Dependencies] INFO  o.e.m.c.i.e.AbstractTransferListenerAdapter - Downloaded https://repo.maven.apache.org/maven2/io/github/bonigarcia/webdrivermanager/5.0.3/webdrivermanager-5.0.3.pom
2023-01-24 22:49:30,540 [Worker-22: Building] INFO  o.e.m.c.i.e.AbstractTransferListenerAdapter - Downloading https://repo.maven.apache.org/maven2/org/slf4j/slf4j-api/1.7.32/slf4j-api-1.7.32.pom
2023-01-24 22:49:30,570 [Worker-24: Updating Maven Dependencies] INFO  o.e.m.c.i.e.AbstractTransferListenerAdapter - Downloading https://repo.maven.apache.org/maven2/org/slf4j/slf4j-api/1.7.32/slf4j-api-1.7.32.pom
2023-01-24 22:49:30,735 [Worker-22: Building] INFO  o.e.m.c.i.e.AbstractTransferListenerAdapter - Downloaded https://repo.maven.apache.org/maven2/org/slf4j/slf4j-api/1.7.32/slf4j-api-1.7.32.pom
2023-01-24 22:49:30,756 [Worker-24: Updating Maven Dependencies] INFO  o.e.m.c.i.e.AbstractTransferListenerAdapter - Downloaded https://repo.maven.apache.org/maven2/org/slf4j/slf4j-api/1.7.32/slf4j-api-1.7.32.pom
2023-01-24 22:49:30,908 [Worker-22: Building] INFO  o.e.m.c.i.e.AbstractTransferListenerAdapter - Downloading https://repo.maven.apache.org/maven2/org/slf4j/slf4j-parent/1.7.32/slf4j-parent-1.7.32.pom
2023-01-24 22:49:30,927 [Worker-24: Updating Maven Dependencies] INFO  o.e.m.c.i.e.AbstractTransferListenerAdapter - Downloading https://repo.maven.apache.org/maven2/org/slf4j/slf4j-parent/1.7.32/slf4j-parent-1.7.32.pom
2023-01-24 22:49:31,123 [Worker-22: Building] INFO  o.e.m.c.i.e.AbstractTransferListenerAdapter - Downloaded https://repo.maven.apache.org/maven2/org/slf4j/slf4j-parent/1.7.32/slf4j-parent-1.7.32.pom
2023-01-24 22:49:31,134 [Worker-24: Updating Maven Dependencies] INFO  o.e.m.c.i.e.AbstractTransferListenerAdapter - Downloaded https://repo.maven.apache.org/maven2/org/slf4j/slf4j-parent/1.7.32/slf4j-parent-1.7.32.pom
2023-01-24 22:49:31,298 [Worker-22: Building] INFO  o.e.m.c.i.e.AbstractTransferListenerAdapter - Downloading https://repo.maven.apache.org/maven2/com/google/code/gson/gson/2.8.8/gson-2.8.8.pom
2023-01-24 22:49:31,313 [Worker-24: Updating Maven Dependencies] INFO  o.e.m.c.i.e.AbstractTransferListenerAdapter - Downloading https://repo.maven.apache.org/maven2/com/google/code/gson/gson/2.8.8/gson-2.8.8.pom
2023-01-24 22:49:31,500 [Worker-24: Updating Maven Dependencies] INFO  o.e.m.c.i.e.AbstractTransferListenerAdapter - Downloaded https://repo.maven.apache.org/maven2/com/google/code/gson/gson/2.8.8/gson-2.8.8.pom
2023-01-24 22:49:31,510 [Worker-22: Building] INFO  o.e.m.c.i.e.AbstractTransferListenerAdapter - Downloaded https://repo.maven.apache.org/maven2/com/google/code/gson/gson/2.8.8/gson-2.8.8.pom
2023-01-24 22:49:31,673 [Worker-24: Updating Maven Dependencies] INFO  o.e.m.c.i.e.AbstractTransferListenerAdapter - Downloading https://repo.maven.apache.org/maven2/com/google/code/gson/gson-parent/2.8.8/gson-parent-2.8.8.pom
2023-01-24 22:49:31,686 [Worker-22: Building] INFO  o.e.m.c.i.e.AbstractTransferListenerAdapter - Downloading https://repo.maven.apache.org/maven2/com/google/code/gson/gson-parent/2.8.8/gson-parent-2.8.8.pom
2023-01-24 22:49:31,870 [Worker-24: Updating Maven Dependencies] INFO  o.e.m.c.i.e.AbstractTransferListenerAdapter - Downloaded https://repo.maven.apache.org/maven2/com/google/code/gson/gson-parent/2.8.8/gson-parent-2.8.8.pom
2023-01-24 22:49:31,881 [Worker-22: Building] INFO  o.e.m.c.i.e.AbstractTransferListenerAdapter - Downloaded https://repo.maven.apache.org/maven2/com/google/code/gson/gson-parent/2.8.8/gson-parent-2.8.8.pom
2023-01-24 22:49:32,045 [Worker-24: Updating Maven Dependencies] INFO  o.e.m.c.i.e.AbstractTransferListenerAdapter - Downloading https://repo.maven.apache.org/maven2/org/jsoup/jsoup/1.14.2/jsoup-1.14.2.pom
2023-01-24 22:49:32,051 [Worker-22: Building] INFO  o.e.m.c.i.e.AbstractTransferListenerAdapter - Downloading https://repo.maven.apache.org/maven2/org/jsoup/jsoup/1.14.2/jsoup-1.14.2.pom
2023-01-24 22:49:32,246 [Worker-24: Updating Maven Dependencies] INFO  o.e.m.c.i.e.AbstractTransferListenerAdapter - Downloaded https://repo.maven.apache.org/maven2/org/jsoup/jsoup/1.14.2/jsoup-1.14.2.pom
2023-01-24 22:49:32,255 [Worker-22: Building] INFO  o.e.m.c.i.e.AbstractTransferListenerAdapter - Downloaded https://repo.maven.apache.org/maven2/org/jsoup/jsoup/1.14.2/jsoup-1.14.2.pom
2023-01-24 22:49:32,434 [Worker-24: Updating Maven Dependencies] INFO  o.e.m.c.i.e.AbstractTransferListenerAdapter - Downloading https://repo.maven.apache.org/maven2/com/github/docker-java/docker-java/3.2.12/docker-java-3.2.12.pom
2023-01-24 22:49:32,444 [Worker-22: Building] INFO  o.e.m.c.i.e.AbstractTransferListenerAdapter - Downloading https://repo.maven.apache.org/maven2/com/github/docker-java/docker-java/3.2.12/docker-java-3.2.12.pom
2023-01-24 22:49:32,631 [Worker-24: Updating Maven Dependencies] INFO  o.e.m.c.i.e.AbstractTransferListenerAdapter - Downloaded https://repo.maven.apache.org/maven2/com/github/docker-java/docker-java/3.2.12/docker-java-3.2.12.pom
2023-01-24 22:49:32,636 [Worker-22: Building] INFO  o.e.m.c.i.e.AbstractTransferListenerAdapter - Downloaded https://repo.maven.apache.org/maven2/com/github/docker-java/docker-java/3.2.12/docker-java-3.2.12.pom
2023-01-24 22:49:32,805 [Worker-24: Updating Maven Dependencies] INFO  o.e.m.c.i.e.AbstractTransferListenerAdapter - Downloading https://repo.maven.apache.org/maven2/com/github/docker-java/docker-java-parent/3.2.12/docker-java-parent-3.2.12.pom
2023-01-24 22:49:32,808 [Worker-22: Building] INFO  o.e.m.c.i.e.AbstractTransferListenerAdapter - Downloading https://repo.maven.apache.org/maven2/com/github/docker-java/docker-java-parent/3.2.12/docker-java-parent-3.2.12.pom
2023-01-24 22:49:33,010 [Worker-24: Updating Maven Dependencies] INFO  o.e.m.c.i.e.AbstractTransferListenerAdapter - Downloaded https://repo.maven.apache.org/maven2/com/github/docker-java/docker-java-parent/3.2.12/docker-java-parent-3.2.12.pom
2023-01-24 22:49:33,017 [Worker-22: Building] INFO  o.e.m.c.i.e.AbstractTransferListenerAdapter - Downloaded https://repo.maven.apache.org/maven2/com/github/docker-java/docker-java-parent/3.2.12/docker-java-parent-3.2.12.pom
2023-01-24 22:49:33,032 [Worker-22: Building] WARN  o.e.a.i.impl.TrackingFileManager - Failed to write tracking file C:\Users\Asus\.m2\repository\com\github\docker-java\docker-java-parent\3.2.12\docker-java-parent-3.2.12.pom.lastUpdated
java.io.FileNotFoundException: C:\Users\Asus\.m2\repository\com\github\docker-java\docker-java-parent\3.2.12\docker-java-parent-3.2.12.pom.lastUpdated (The process cannot access the file because it is being used by another process)
	at java.base/java.io.RandomAccessFile.open0(Native Method) ~[na:na]
	at java.base/java.io.RandomAccessFile.open(RandomAccessFile.java:344) ~[na:na]
	at java.base/java.io.RandomAccessFile.<init>(RandomAccessFile.java:259) ~[na:na]
	at java.base/java.io.RandomAccessFile.<init>(RandomAccessFile.java:213) ~[na:na]
	at org.eclipse.aether.internal.impl.TrackingFileManager.update(TrackingFileManager.java:86) ~[maven-resolver-impl-1.6.3.jar:1.6.3]
	at org.eclipse.aether.internal.impl.DefaultUpdateCheckManager.write(DefaultUpdateCheckManager.java:590) ~[maven-resolver-impl-1.6.3.jar:1.6.3]
	at org.eclipse.aether.internal.impl.DefaultUpdateCheckManager.touchArtifact(DefaultUpdateCheckManager.java:526) ~[maven-resolver-impl-1.6.3.jar:1.6.3]
	at org.eclipse.aether.internal.impl.DefaultArtifactResolver.evaluateDownloads(DefaultArtifactResolver.java:634) ~[maven-resolver-impl-1.6.3.jar:1.6.3]
	at org.eclipse.aether.internal.impl.DefaultArtifactResolver.performDownloads(DefaultArtifactResolver.java:525) ~[maven-resolver-impl-1.6.3.jar:1.6.3]
	at org.eclipse.aether.internal.impl.DefaultArtifactResolver.resolve(DefaultArtifactResolver.java:402) ~[maven-resolver-impl-1.6.3.jar:1.6.3]
	at org.eclipse.aether.internal.impl.DefaultArtifactResolver.resolveArtifacts(DefaultArtifactResolver.java:229) ~[maven-resolver-impl-1.6.3.jar:1.6.3]
	at org.eclipse.aether.internal.impl.DefaultArtifactResolver.resolveArtifact(DefaultArtifactResolver.java:207) ~[maven-resolver-impl-1.6.3.jar:1.6.3]
	at org.apache.maven.repository.internal.DefaultModelResolver.resolveModel(DefaultModelResolver.java:172) ~[maven-resolver-provider-3.8.4.jar:3.8.4]
	at org.apache.maven.repository.internal.DefaultModelResolver.resolveModel(DefaultModelResolver.java:222) ~[maven-resolver-provider-3.8.4.jar:3.8.4]
	at org.apache.maven.model.building.DefaultModelBuilder.readParentExternally(DefaultModelBuilder.java:1077) ~[maven-model-builder-3.8.4.jar:3.8.4]
	at org.apache.maven.model.building.DefaultModelBuilder.readParent(DefaultModelBuilder.java:853) ~[maven-model-builder-3.8.4.jar:3.8.4]
	at org.apache.maven.model.building.DefaultModelBuilder.build(DefaultModelBuilder.java:344) ~[maven-model-builder-3.8.4.jar:3.8.4]
	at org.apache.maven.model.building.DefaultModelBuilder.build(DefaultModelBuilder.java:252) ~[maven-model-builder-3.8.4.jar:3.8.4]
	at org.apache.maven.repository.internal.DefaultArtifactDescriptorReader.loadPom(DefaultArtifactDescriptorReader.java:297) ~[maven-resolver-provider-3.8.4.jar:3.8.4]
	at org.apache.maven.repository.internal.DefaultArtifactDescriptorReader.readArtifactDescriptor(DefaultArtifactDescriptorReader.java:175) ~[maven-resolver-provider-3.8.4.jar:3.8.4]
	at org.eclipse.aether.internal.impl.collect.DefaultDependencyCollector.resolveCachedArtifactDescriptor(DefaultDependencyCollector.java:538) ~[maven-resolver-impl-1.6.3.jar:1.6.3]
	at org.eclipse.aether.internal.impl.collect.DefaultDependencyCollector.getArtifactDescriptorResult(DefaultDependencyCollector.java:523) ~[maven-resolver-impl-1.6.3.jar:1.6.3]
	at org.eclipse.aether.internal.impl.collect.DefaultDependencyCollector.processDependency(DefaultDependencyCollector.java:410) ~[maven-resolver-impl-1.6.3.jar:1.6.3]
	at org.eclipse.aether.internal.impl.collect.DefaultDependencyCollector.processDependency(DefaultDependencyCollector.java:362) ~[maven-resolver-impl-1.6.3.jar:1.6.3]
	at org.eclipse.aether.internal.impl.collect.DefaultDependencyCollector.process(DefaultDependencyCollector.java:349) ~[maven-resolver-impl-1.6.3.jar:1.6.3]
	at org.eclipse.aether.internal.impl.collect.DefaultDependencyCollector.doRecurse(DefaultDependencyCollector.java:506) ~[maven-resolver-impl-1.6.3.jar:1.6.3]
	at org.eclipse.aether.internal.impl.collect.DefaultDependencyCollector.processDependency(DefaultDependencyCollector.java:458) ~[maven-resolver-impl-1.6.3.jar:1.6.3]
	at org.eclipse.aether.internal.impl.collect.DefaultDependencyCollector.processDependency(DefaultDependencyCollector.java:362) ~[maven-resolver-impl-1.6.3.jar:1.6.3]
	at org.eclipse.aether.internal.impl.collect.DefaultDependencyCollector.process(DefaultDependencyCollector.java:349) ~[maven-resolver-impl-1.6.3.jar:1.6.3]
	at org.eclipse.aether.internal.impl.collect.DefaultDependencyCollector.collectDependencies(DefaultDependencyCollector.java:254) ~[maven-resolver-impl-1.6.3.jar:1.6.3]
	at org.eclipse.aether.internal.impl.DefaultRepositorySystem.collectDependencies(DefaultRepositorySystem.java:284) ~[maven-resolver-impl-1.6.3.jar:1.6.3]
	at org.apache.maven.project.DefaultProjectDependenciesResolver.resolve(DefaultProjectDependenciesResolver.java:170) ~[maven-core-3.8.4.jar:3.8.4]
	at org.apache.maven.project.DefaultProjectBuilder.resolveDependencies(DefaultProjectBuilder.java:227) ~[maven-core-3.8.4.jar:3.8.4]
	at org.apache.maven.project.DefaultProjectBuilder.build(DefaultProjectBuilder.java:200) ~[maven-core-3.8.4.jar:3.8.4]
	at org.apache.maven.project.DefaultProjectBuilder.build(DefaultProjectBuilder.java:124) ~[maven-core-3.8.4.jar:3.8.4]
	at org.eclipse.m2e.core.internal.embedder.MavenImpl.readMavenProject(MavenImpl.java:649) ~[na:na]
	at org.eclipse.m2e.core.internal.project.registry.DefaultMavenDependencyResolver.resolveProjectDependencies(DefaultMavenDependencyResolver.java:65) ~[na:na]
	at org.eclipse.m2e.core.internal.project.registry.ProjectRegistryManager.refreshPhase2(ProjectRegistryManager.java:535) ~[na:na]
	at org.eclipse.m2e.core.internal.project.registry.ProjectRegistryManager.lambda$3(ProjectRegistryManager.java:499) ~[na:na]
	at org.eclipse.m2e.core.internal.embedder.MavenExecutionContext.executeBare(MavenExecutionContext.java:182) ~[na:na]
	at org.eclipse.m2e.core.internal.embedder.MavenExecutionContext.execute(MavenExecutionContext.java:156) ~[na:na]
	at org.eclipse.m2e.core.internal.project.registry.ProjectRegistryManager.refresh(ProjectRegistryManager.java:497) ~[na:na]
	at org.eclipse.m2e.core.internal.project.registry.ProjectRegistryManager.refresh(ProjectRegistryManager.java:349) ~[na:na]
	at org.eclipse.m2e.core.internal.project.registry.ProjectRegistryManager.refresh(ProjectRegistryManager.java:303) ~[na:na]
	at org.eclipse.m2e.core.internal.builder.MavenBuilder$BuildMethod.getProjectFacade(MavenBuilder.java:151) ~[na:na]
	at org.eclipse.m2e.core.internal.builder.MavenBuilder$BuildMethod.lambda$0(MavenBuilder.java:89) ~[na:na]
	at org.eclipse.m2e.core.internal.embedder.MavenExecutionContext.executeBare(MavenExecutionContext.java:182) ~[na:na]
	at org.eclipse.m2e.core.internal.embedder.MavenExecutionContext.execute(MavenExecutionContext.java:156) ~[na:na]
	at org.eclipse.m2e.core.internal.embedder.MavenExecutionContext.execute(MavenExecutionContext.java:103) ~[na:na]
	at org.eclipse.m2e.core.internal.builder.MavenBuilder$BuildMethod.execute(MavenBuilder.java:88) ~[na:na]
	at org.eclipse.m2e.core.internal.builder.MavenBuilder.build(MavenBuilder.java:198) ~[na:na]
	at org.eclipse.core.internal.events.BuildManager$2.run(BuildManager.java:1024) ~[na:na]
	at org.eclipse.core.runtime.SafeRunner.run(SafeRunner.java:45) ~[org.eclipse.equinox.common_3.16.100.v20220315-2327.jar:na]
	at org.eclipse.core.internal.events.BuildManager.basicBuild(BuildManager.java:254) ~[na:na]
	at org.eclipse.core.internal.events.BuildManager.basicBuild(BuildManager.java:311) ~[na:na]
	at org.eclipse.core.internal.events.BuildManager$1.run(BuildManager.java:400) ~[na:na]
	at org.eclipse.core.runtime.SafeRunner.run(SafeRunner.java:45) ~[org.eclipse.equinox.common_3.16.100.v20220315-2327.jar:na]
	at org.eclipse.core.internal.events.BuildManager.basicBuild(BuildManager.java:403) ~[na:na]
	at org.eclipse.core.internal.events.BuildManager.basicBuildLoop(BuildManager.java:514) ~[na:na]
	at org.eclipse.core.internal.events.BuildManager.basicBuildLoop(BuildManager.java:462) ~[na:na]
	at org.eclipse.core.internal.events.BuildManager.build(BuildManager.java:544) ~[na:na]
	at org.eclipse.core.internal.events.AutoBuildJob.doBuild(AutoBuildJob.java:161) ~[na:na]
	at org.eclipse.core.internal.events.AutoBuildJob.run(AutoBuildJob.java:255) ~[na:na]
	at org.eclipse.core.internal.jobs.Worker.run(Worker.java:63) ~[org.eclipse.core.jobs_3.13.0.v20220512-1935.jar:na]
2023-01-24 22:49:33,197 [Worker-24: Updating Maven Dependencies] INFO  o.e.m.c.i.e.AbstractTransferListenerAdapter - Downloading https://repo.maven.apache.org/maven2/com/github/docker-java/docker-java-core/3.2.12/docker-java-core-3.2.12.pom
2023-01-24 22:49:33,232 [Worker-22: Building] INFO  o.e.m.c.i.e.AbstractTransferListenerAdapter - Downloading https://repo.maven.apache.org/maven2/com/github/docker-java/docker-java-core/3.2.12/docker-java-core-3.2.12.pom
2023-01-24 22:49:33,384 [Worker-24: Updating Maven Dependencies] INFO  o.e.m.c.i.e.AbstractTransferListenerAdapter - Downloaded https://repo.maven.apache.org/maven2/com/github/docker-java/docker-java-core/3.2.12/docker-java-core-3.2.12.pom
2023-01-24 22:49:33,406 [Worker-22: Building] INFO  o.e.m.c.i.e.AbstractTransferListenerAdapter - Downloaded https://repo.maven.apache.org/maven2/com/github/docker-java/docker-java-core/3.2.12/docker-java-core-3.2.12.pom
2023-01-24 22:49:33,578 [Worker-22: Building] INFO  o.e.m.c.i.e.AbstractTransferListenerAdapter - Downloading https://repo.maven.apache.org/maven2/com/github/docker-java/docker-java-api/3.2.12/docker-java-api-3.2.12.pom
2023-01-24 22:49:33,578 [Worker-24: Updating Maven Dependencies] INFO  o.e.m.c.i.e.AbstractTransferListenerAdapter - Downloading https://repo.maven.apache.org/maven2/com/github/docker-java/docker-java-api/3.2.12/docker-java-api-3.2.12.pom
2023-01-24 22:49:33,767 [Worker-24: Updating Maven Dependencies] INFO  o.e.m.c.i.e.AbstractTransferListenerAdapter - Downloaded https://repo.maven.apache.org/maven2/com/github/docker-java/docker-java-api/3.2.12/docker-java-api-3.2.12.pom
2023-01-24 22:49:33,771 [Worker-22: Building] INFO  o.e.m.c.i.e.AbstractTransferListenerAdapter - Downloaded https://repo.maven.apache.org/maven2/com/github/docker-java/docker-java-api/3.2.12/docker-java-api-3.2.12.pom
2023-01-24 22:49:34,047 [Worker-22: Building] INFO  o.e.m.c.i.e.AbstractTransferListenerAdapter - Downloading https://repo.maven.apache.org/maven2/com/github/docker-java/docker-java-transport/3.2.12/docker-java-transport-3.2.12.pom
2023-01-24 22:49:34,050 [Worker-24: Updating Maven Dependencies] INFO  o.e.m.c.i.e.AbstractTransferListenerAdapter - Downloading https://repo.maven.apache.org/maven2/com/github/docker-java/docker-java-transport/3.2.12/docker-java-transport-3.2.12.pom
2023-01-24 22:49:34,232 [Worker-22: Building] INFO  o.e.m.c.i.e.AbstractTransferListenerAdapter - Downloaded https://repo.maven.apache.org/maven2/com/github/docker-java/docker-java-transport/3.2.12/docker-java-transport-3.2.12.pom
2023-01-24 22:49:34,237 [Worker-24: Updating Maven Dependencies] INFO  o.e.m.c.i.e.AbstractTransferListenerAdapter - Downloaded https://repo.maven.apache.org/maven2/com/github/docker-java/docker-java-transport/3.2.12/docker-java-transport-3.2.12.pom
2023-01-24 22:49:34,523 [Worker-22: Building] INFO  o.e.m.c.i.e.AbstractTransferListenerAdapter - Downloading https://repo.maven.apache.org/maven2/commons-lang/commons-lang/2.6/commons-lang-2.6.pom
2023-01-24 22:49:34,535 [Worker-24: Updating Maven Dependencies] INFO  o.e.m.c.i.e.AbstractTransferListenerAdapter - Downloading https://repo.maven.apache.org/maven2/commons-lang/commons-lang/2.6/commons-lang-2.6.pom
2023-01-24 22:49:34,753 [Worker-24: Updating Maven Dependencies] INFO  o.e.m.c.i.e.AbstractTransferListenerAdapter - Downloaded https://repo.maven.apache.org/maven2/commons-lang/commons-lang/2.6/commons-lang-2.6.pom
2023-01-24 22:49:34,768 [Worker-22: Building] INFO  o.e.m.c.i.e.AbstractTransferListenerAdapter - Downloaded https://repo.maven.apache.org/maven2/commons-lang/commons-lang/2.6/commons-lang-2.6.pom
2023-01-24 22:49:34,772 [Worker-22: Building] WARN  o.e.a.i.impl.TrackingFileManager - Failed to write tracking file C:\Users\Asus\.m2\repository\commons-lang\commons-lang\2.6\commons-lang-2.6.pom.lastUpdated
java.io.FileNotFoundException: C:\Users\Asus\.m2\repository\commons-lang\commons-lang\2.6\commons-lang-2.6.pom.lastUpdated (The process cannot access the file because it is being used by another process)
	at java.base/java.io.RandomAccessFile.open0(Native Method) ~[na:na]
	at java.base/java.io.RandomAccessFile.open(RandomAccessFile.java:344) ~[na:na]
	at java.base/java.io.RandomAccessFile.<init>(RandomAccessFile.java:259) ~[na:na]
	at java.base/java.io.RandomAccessFile.<init>(RandomAccessFile.java:213) ~[na:na]
	at org.eclipse.aether.internal.impl.TrackingFileManager.update(TrackingFileManager.java:86) ~[maven-resolver-impl-1.6.3.jar:1.6.3]
	at org.eclipse.aether.internal.impl.DefaultUpdateCheckManager.write(DefaultUpdateCheckManager.java:590) ~[maven-resolver-impl-1.6.3.jar:1.6.3]
	at org.eclipse.aether.internal.impl.DefaultUpdateCheckManager.touchArtifact(DefaultUpdateCheckManager.java:526) ~[maven-resolver-impl-1.6.3.jar:1.6.3]
	at org.eclipse.aether.internal.impl.DefaultArtifactResolver.evaluateDownloads(DefaultArtifactResolver.java:634) ~[maven-resolver-impl-1.6.3.jar:1.6.3]
	at org.eclipse.aether.internal.impl.DefaultArtifactResolver.performDownloads(DefaultArtifactResolver.java:525) ~[maven-resolver-impl-1.6.3.jar:1.6.3]
	at org.eclipse.aether.internal.impl.DefaultArtifactResolver.resolve(DefaultArtifactResolver.java:402) ~[maven-resolver-impl-1.6.3.jar:1.6.3]
	at org.eclipse.aether.internal.impl.DefaultArtifactResolver.resolveArtifacts(DefaultArtifactResolver.java:229) ~[maven-resolver-impl-1.6.3.jar:1.6.3]
	at org.eclipse.aether.internal.impl.DefaultArtifactResolver.resolveArtifact(DefaultArtifactResolver.java:207) ~[maven-resolver-impl-1.6.3.jar:1.6.3]
	at org.apache.maven.repository.internal.DefaultArtifactDescriptorReader.loadPom(DefaultArtifactDescriptorReader.java:244) ~[maven-resolver-provider-3.8.4.jar:3.8.4]
	at org.apache.maven.repository.internal.DefaultArtifactDescriptorReader.readArtifactDescriptor(DefaultArtifactDescriptorReader.java:175) ~[maven-resolver-provider-3.8.4.jar:3.8.4]
	at org.eclipse.aether.internal.impl.collect.DefaultDependencyCollector.resolveCachedArtifactDescriptor(DefaultDependencyCollector.java:538) ~[maven-resolver-impl-1.6.3.jar:1.6.3]
	at org.eclipse.aether.internal.impl.collect.DefaultDependencyCollector.getArtifactDescriptorResult(DefaultDependencyCollector.java:523) ~[maven-resolver-impl-1.6.3.jar:1.6.3]
	at org.eclipse.aether.internal.impl.collect.DefaultDependencyCollector.processDependency(DefaultDependencyCollector.java:410) ~[maven-resolver-impl-1.6.3.jar:1.6.3]
	at org.eclipse.aether.internal.impl.collect.DefaultDependencyCollector.processDependency(DefaultDependencyCollector.java:362) ~[maven-resolver-impl-1.6.3.jar:1.6.3]
	at org.eclipse.aether.internal.impl.collect.DefaultDependencyCollector.process(DefaultDependencyCollector.java:349) ~[maven-resolver-impl-1.6.3.jar:1.6.3]
	at org.eclipse.aether.internal.impl.collect.DefaultDependencyCollector.doRecurse(DefaultDependencyCollector.java:506) ~[maven-resolver-impl-1.6.3.jar:1.6.3]
	at org.eclipse.aether.internal.impl.collect.DefaultDependencyCollector.processDependency(DefaultDependencyCollector.java:458) ~[maven-resolver-impl-1.6.3.jar:1.6.3]
	at org.eclipse.aether.internal.impl.collect.DefaultDependencyCollector.processDependency(DefaultDependencyCollector.java:362) ~[maven-resolver-impl-1.6.3.jar:1.6.3]
	at org.eclipse.aether.internal.impl.collect.DefaultDependencyCollector.process(DefaultDependencyCollector.java:349) ~[maven-resolver-impl-1.6.3.jar:1.6.3]
	at org.eclipse.aether.internal.impl.collect.DefaultDependencyCollector.doRecurse(DefaultDependencyCollector.java:506) ~[maven-resolver-impl-1.6.3.jar:1.6.3]
	at org.eclipse.aether.internal.impl.collect.DefaultDependencyCollector.processDependency(DefaultDependencyCollector.java:458) ~[maven-resolver-impl-1.6.3.jar:1.6.3]
	at org.eclipse.aether.internal.impl.collect.DefaultDependencyCollector.processDependency(DefaultDependencyCollector.java:362) ~[maven-resolver-impl-1.6.3.jar:1.6.3]
	at org.eclipse.aether.internal.impl.collect.DefaultDependencyCollector.process(DefaultDependencyCollector.java:349) ~[maven-resolver-impl-1.6.3.jar:1.6.3]
	at org.eclipse.aether.internal.impl.collect.DefaultDependencyCollector.doRecurse(DefaultDependencyCollector.java:506) ~[maven-resolver-impl-1.6.3.jar:1.6.3]
	at org.eclipse.aether.internal.impl.collect.DefaultDependencyCollector.processDependency(DefaultDependencyCollector.java:458) ~[maven-resolver-impl-1.6.3.jar:1.6.3]
	at org.eclipse.aether.internal.impl.collect.DefaultDependencyCollector.processDependency(DefaultDependencyCollector.java:362) ~[maven-resolver-impl-1.6.3.jar:1.6.3]
	at org.eclipse.aether.internal.impl.collect.DefaultDependencyCollector.process(DefaultDependencyCollector.java:349) ~[maven-resolver-impl-1.6.3.jar:1.6.3]
	at org.eclipse.aether.internal.impl.collect.DefaultDependencyCollector.collectDependencies(DefaultDependencyCollector.java:254) ~[maven-resolver-impl-1.6.3.jar:1.6.3]
	at org.eclipse.aether.internal.impl.DefaultRepositorySystem.collectDependencies(DefaultRepositorySystem.java:284) ~[maven-resolver-impl-1.6.3.jar:1.6.3]
	at org.apache.maven.project.DefaultProjectDependenciesResolver.resolve(DefaultProjectDependenciesResolver.java:170) ~[maven-core-3.8.4.jar:3.8.4]
	at org.apache.maven.project.DefaultProjectBuilder.resolveDependencies(DefaultProjectBuilder.java:227) ~[maven-core-3.8.4.jar:3.8.4]
	at org.apache.maven.project.DefaultProjectBuilder.build(DefaultProjectBuilder.java:200) ~[maven-core-3.8.4.jar:3.8.4]
	at org.apache.maven.project.DefaultProjectBuilder.build(DefaultProjectBuilder.java:124) ~[maven-core-3.8.4.jar:3.8.4]
	at org.eclipse.m2e.core.internal.embedder.MavenImpl.readMavenProject(MavenImpl.java:649) ~[na:na]
	at org.eclipse.m2e.core.internal.project.registry.DefaultMavenDependencyResolver.resolveProjectDependencies(DefaultMavenDependencyResolver.java:65) ~[na:na]
	at org.eclipse.m2e.core.internal.project.registry.ProjectRegistryManager.refreshPhase2(ProjectRegistryManager.java:535) ~[na:na]
	at org.eclipse.m2e.core.internal.project.registry.ProjectRegistryManager.lambda$3(ProjectRegistryManager.java:499) ~[na:na]
	at org.eclipse.m2e.core.internal.embedder.MavenExecutionContext.executeBare(MavenExecutionContext.java:182) ~[na:na]
	at org.eclipse.m2e.core.internal.embedder.MavenExecutionContext.execute(MavenExecutionContext.java:156) ~[na:na]
	at org.eclipse.m2e.core.internal.project.registry.ProjectRegistryManager.refresh(ProjectRegistryManager.java:497) ~[na:na]
	at org.eclipse.m2e.core.internal.project.registry.ProjectRegistryManager.refresh(ProjectRegistryManager.java:349) ~[na:na]
	at org.eclipse.m2e.core.internal.project.registry.ProjectRegistryManager.refresh(ProjectRegistryManager.java:303) ~[na:na]
	at org.eclipse.m2e.core.internal.builder.MavenBuilder$BuildMethod.getProjectFacade(MavenBuilder.java:151) ~[na:na]
	at org.eclipse.m2e.core.internal.builder.MavenBuilder$BuildMethod.lambda$0(MavenBuilder.java:89) ~[na:na]
	at org.eclipse.m2e.core.internal.embedder.MavenExecutionContext.executeBare(MavenExecutionContext.java:182) ~[na:na]
	at org.eclipse.m2e.core.internal.embedder.MavenExecutionContext.execute(MavenExecutionContext.java:156) ~[na:na]
	at org.eclipse.m2e.core.internal.embedder.MavenExecutionContext.execute(MavenExecutionContext.java:103) ~[na:na]
	at org.eclipse.m2e.core.internal.builder.MavenBuilder$BuildMethod.execute(MavenBuilder.java:88) ~[na:na]
	at org.eclipse.m2e.core.internal.builder.MavenBuilder.build(MavenBuilder.java:198) ~[na:na]
	at org.eclipse.core.internal.events.BuildManager$2.run(BuildManager.java:1024) ~[na:na]
	at org.eclipse.core.runtime.SafeRunner.run(SafeRunner.java:45) ~[org.eclipse.equinox.common_3.16.100.v20220315-2327.jar:na]
	at org.eclipse.core.internal.events.BuildManager.basicBuild(BuildManager.java:254) ~[na:na]
	at org.eclipse.core.internal.events.BuildManager.basicBuild(BuildManager.java:311) ~[na:na]
	at org.eclipse.core.internal.events.BuildManager$1.run(BuildManager.java:400) ~[na:na]
	at org.eclipse.core.runtime.SafeRunner.run(SafeRunner.java:45) ~[org.eclipse.equinox.common_3.16.100.v20220315-2327.jar:na]
	at org.eclipse.core.internal.events.BuildManager.basicBuild(BuildManager.java:403) ~[na:na]
	at org.eclipse.core.internal.events.BuildManager.basicBuildLoop(BuildManager.java:514) ~[na:na]
	at org.eclipse.core.internal.events.BuildManager.basicBuildLoop(BuildManager.java:462) ~[na:na]
	at org.eclipse.core.internal.events.BuildManager.build(BuildManager.java:544) ~[na:na]
	at org.eclipse.core.internal.events.AutoBuildJob.doBuild(AutoBuildJob.java:161) ~[na:na]
	at org.eclipse.core.internal.events.AutoBuildJob.run(AutoBuildJob.java:255) ~[na:na]
	at org.eclipse.core.internal.jobs.Worker.run(Worker.java:63) ~[org.eclipse.core.jobs_3.13.0.v20220512-1935.jar:na]
2023-01-24 22:49:34,947 [Worker-22: Building] INFO  o.e.m.c.i.e.AbstractTransferListenerAdapter - Downloading https://repo.maven.apache.org/maven2/org/apache/commons/commons-parent/17/commons-parent-17.pom
2023-01-24 22:49:34,961 [Worker-24: Updating Maven Dependencies] INFO  o.e.m.c.i.e.AbstractTransferListenerAdapter - Downloading https://repo.maven.apache.org/maven2/org/apache/commons/commons-parent/17/commons-parent-17.pom
2023-01-24 22:49:35,223 [Worker-22: Building] INFO  o.e.m.c.i.e.AbstractTransferListenerAdapter - Downloaded https://repo.maven.apache.org/maven2/org/apache/commons/commons-parent/17/commons-parent-17.pom
2023-01-24 22:49:35,233 [Worker-24: Updating Maven Dependencies] INFO  o.e.m.c.i.e.AbstractTransferListenerAdapter - Downloaded https://repo.maven.apache.org/maven2/org/apache/commons/commons-parent/17/commons-parent-17.pom
2023-01-24 22:49:35,393 [Worker-22: Building] INFO  o.e.m.c.i.e.AbstractTransferListenerAdapter - Downloading https://repo.maven.apache.org/maven2/org/apache/apache/7/apache-7.pom
2023-01-24 22:49:35,411 [Worker-24: Updating Maven Dependencies] INFO  o.e.m.c.i.e.AbstractTransferListenerAdapter - Downloading https://repo.maven.apache.org/maven2/org/apache/apache/7/apache-7.pom
2023-01-24 22:49:35,598 [Worker-22: Building] INFO  o.e.m.c.i.e.AbstractTransferListenerAdapter - Downloaded https://repo.maven.apache.org/maven2/org/apache/apache/7/apache-7.pom
2023-01-24 22:49:35,616 [Worker-24: Updating Maven Dependencies] INFO  o.e.m.c.i.e.AbstractTransferListenerAdapter - Downloaded https://repo.maven.apache.org/maven2/org/apache/apache/7/apache-7.pom
2023-01-24 22:49:35,895 [Worker-22: Building] INFO  o.e.m.c.i.e.AbstractTransferListenerAdapter - Downloading https://repo.maven.apache.org/maven2/com/github/docker-java/docker-java-transport-httpclient5/3.2.12/docker-java-transport-httpclient5-3.2.12.pom
2023-01-24 22:49:35,900 [Worker-24: Updating Maven Dependencies] INFO  o.e.m.c.i.e.AbstractTransferListenerAdapter - Downloading https://repo.maven.apache.org/maven2/com/github/docker-java/docker-java-transport-httpclient5/3.2.12/docker-java-transport-httpclient5-3.2.12.pom
2023-01-24 22:49:36,081 [Worker-22: Building] INFO  o.e.m.c.i.e.AbstractTransferListenerAdapter - Downloaded https://repo.maven.apache.org/maven2/com/github/docker-java/docker-java-transport-httpclient5/3.2.12/docker-java-transport-httpclient5-3.2.12.pom
2023-01-24 22:49:36,090 [Worker-24: Updating Maven Dependencies] INFO  o.e.m.c.i.e.AbstractTransferListenerAdapter - Downloaded https://repo.maven.apache.org/maven2/com/github/docker-java/docker-java-transport-httpclient5/3.2.12/docker-java-transport-httpclient5-3.2.12.pom
2023-01-24 22:49:36,492 [Worker-22: Building] INFO  o.e.m.c.i.e.AbstractTransferListenerAdapter - Downloading https://repo.maven.apache.org/maven2/com/google/guava/guava/30.1.1-jre/guava-30.1.1-jre.pom
2023-01-24 22:49:36,511 [Worker-24: Updating Maven Dependencies] INFO  o.e.m.c.i.e.AbstractTransferListenerAdapter - Downloading https://repo.maven.apache.org/maven2/com/google/guava/guava/30.1.1-jre/guava-30.1.1-jre.pom
2023-01-24 22:49:36,690 [Worker-22: Building] INFO  o.e.m.c.i.e.AbstractTransferListenerAdapter - Downloaded https://repo.maven.apache.org/maven2/com/google/guava/guava/30.1.1-jre/guava-30.1.1-jre.pom
2023-01-24 22:49:36,696 [Worker-24: Updating Maven Dependencies] INFO  o.e.m.c.i.e.AbstractTransferListenerAdapter - Downloaded https://repo.maven.apache.org/maven2/com/google/guava/guava/30.1.1-jre/guava-30.1.1-jre.pom
2023-01-24 22:49:36,872 [Worker-22: Building] INFO  o.e.m.c.i.e.AbstractTransferListenerAdapter - Downloading https://repo.maven.apache.org/maven2/com/google/guava/guava-parent/30.1.1-jre/guava-parent-30.1.1-jre.pom
2023-01-24 22:49:36,892 [Worker-24: Updating Maven Dependencies] INFO  o.e.m.c.i.e.AbstractTransferListenerAdapter - Downloading https://repo.maven.apache.org/maven2/com/google/guava/guava-parent/30.1.1-jre/guava-parent-30.1.1-jre.pom
2023-01-24 22:49:37,074 [Worker-22: Building] INFO  o.e.m.c.i.e.AbstractTransferListenerAdapter - Downloaded https://repo.maven.apache.org/maven2/com/google/guava/guava-parent/30.1.1-jre/guava-parent-30.1.1-jre.pom
2023-01-24 22:49:37,082 [Worker-24: Updating Maven Dependencies] INFO  o.e.m.c.i.e.AbstractTransferListenerAdapter - Downloaded https://repo.maven.apache.org/maven2/com/google/guava/guava-parent/30.1.1-jre/guava-parent-30.1.1-jre.pom
2023-01-24 22:49:37,316 [Worker-22: Building] INFO  o.e.m.c.i.e.AbstractTransferListenerAdapter - Downloading https://repo.maven.apache.org/maven2/org/checkerframework/checker-qual/3.8.0/checker-qual-3.8.0.pom
2023-01-24 22:49:37,318 [Worker-24: Updating Maven Dependencies] INFO  o.e.m.c.i.e.AbstractTransferListenerAdapter - Downloading https://repo.maven.apache.org/maven2/org/checkerframework/checker-qual/3.8.0/checker-qual-3.8.0.pom
2023-01-24 22:49:37,504 [Worker-22: Building] INFO  o.e.m.c.i.e.AbstractTransferListenerAdapter - Downloaded https://repo.maven.apache.org/maven2/org/checkerframework/checker-qual/3.8.0/checker-qual-3.8.0.pom
2023-01-24 22:49:37,511 [Worker-24: Updating Maven Dependencies] INFO  o.e.m.c.i.e.AbstractTransferListenerAdapter - Downloaded https://repo.maven.apache.org/maven2/org/checkerframework/checker-qual/3.8.0/checker-qual-3.8.0.pom
2023-01-24 22:49:37,675 [Worker-22: Building] INFO  o.e.m.c.i.e.AbstractTransferListenerAdapter - Downloading https://repo.maven.apache.org/maven2/com/google/errorprone/error_prone_annotations/2.5.1/error_prone_annotations-2.5.1.pom
2023-01-24 22:49:37,689 [Worker-24: Updating Maven Dependencies] INFO  o.e.m.c.i.e.AbstractTransferListenerAdapter - Downloading https://repo.maven.apache.org/maven2/com/google/errorprone/error_prone_annotations/2.5.1/error_prone_annotations-2.5.1.pom
2023-01-24 22:49:37,873 [Worker-22: Building] INFO  o.e.m.c.i.e.AbstractTransferListenerAdapter - Downloaded https://repo.maven.apache.org/maven2/com/google/errorprone/error_prone_annotations/2.5.1/error_prone_annotations-2.5.1.pom
2023-01-24 22:49:37,878 [Worker-24: Updating Maven Dependencies] INFO  o.e.m.c.i.e.AbstractTransferListenerAdapter - Downloaded https://repo.maven.apache.org/maven2/com/google/errorprone/error_prone_annotations/2.5.1/error_prone_annotations-2.5.1.pom
2023-01-24 22:49:38,049 [Worker-22: Building] INFO  o.e.m.c.i.e.AbstractTransferListenerAdapter - Downloading https://repo.maven.apache.org/maven2/com/google/errorprone/error_prone_parent/2.5.1/error_prone_parent-2.5.1.pom
2023-01-24 22:49:38,059 [Worker-24: Updating Maven Dependencies] INFO  o.e.m.c.i.e.AbstractTransferListenerAdapter - Downloading https://repo.maven.apache.org/maven2/com/google/errorprone/error_prone_parent/2.5.1/error_prone_parent-2.5.1.pom
2023-01-24 22:49:38,234 [Worker-22: Building] INFO  o.e.m.c.i.e.AbstractTransferListenerAdapter - Downloaded https://repo.maven.apache.org/maven2/com/google/errorprone/error_prone_parent/2.5.1/error_prone_parent-2.5.1.pom
2023-01-24 22:49:38,240 [Worker-24: Updating Maven Dependencies] INFO  o.e.m.c.i.e.AbstractTransferListenerAdapter - Downloaded https://repo.maven.apache.org/maven2/com/google/errorprone/error_prone_parent/2.5.1/error_prone_parent-2.5.1.pom
2023-01-24 22:49:38,246 [Worker-24: Updating Maven Dependencies] WARN  o.e.a.i.impl.TrackingFileManager - Failed to write tracking file C:\Users\Asus\.m2\repository\com\google\errorprone\error_prone_parent\2.5.1\error_prone_parent-2.5.1.pom.lastUpdated
java.io.FileNotFoundException: C:\Users\Asus\.m2\repository\com\google\errorprone\error_prone_parent\2.5.1\error_prone_parent-2.5.1.pom.lastUpdated (The process cannot access the file because it is being used by another process)
	at java.base/java.io.RandomAccessFile.open0(Native Method) ~[na:na]
	at java.base/java.io.RandomAccessFile.open(RandomAccessFile.java:344) ~[na:na]
	at java.base/java.io.RandomAccessFile.<init>(RandomAccessFile.java:259) ~[na:na]
	at java.base/java.io.RandomAccessFile.<init>(RandomAccessFile.java:213) ~[na:na]
	at org.eclipse.aether.internal.impl.TrackingFileManager.update(TrackingFileManager.java:86) ~[maven-resolver-impl-1.6.3.jar:1.6.3]
	at org.eclipse.aether.internal.impl.DefaultUpdateCheckManager.write(DefaultUpdateCheckManager.java:590) ~[maven-resolver-impl-1.6.3.jar:1.6.3]
	at org.eclipse.aether.internal.impl.DefaultUpdateCheckManager.touchArtifact(DefaultUpdateCheckManager.java:526) ~[maven-resolver-impl-1.6.3.jar:1.6.3]
	at org.eclipse.aether.internal.impl.DefaultArtifactResolver.evaluateDownloads(DefaultArtifactResolver.java:634) ~[maven-resolver-impl-1.6.3.jar:1.6.3]
	at org.eclipse.aether.internal.impl.DefaultArtifactResolver.performDownloads(DefaultArtifactResolver.java:525) ~[maven-resolver-impl-1.6.3.jar:1.6.3]
	at org.eclipse.aether.internal.impl.DefaultArtifactResolver.resolve(DefaultArtifactResolver.java:402) ~[maven-resolver-impl-1.6.3.jar:1.6.3]
	at org.eclipse.aether.internal.impl.DefaultArtifactResolver.resolveArtifacts(DefaultArtifactResolver.java:229) ~[maven-resolver-impl-1.6.3.jar:1.6.3]
	at org.eclipse.aether.internal.impl.DefaultArtifactResolver.resolveArtifact(DefaultArtifactResolver.java:207) ~[maven-resolver-impl-1.6.3.jar:1.6.3]
	at org.apache.maven.repository.internal.DefaultModelResolver.resolveModel(DefaultModelResolver.java:172) ~[maven-resolver-provider-3.8.4.jar:3.8.4]
	at org.apache.maven.repository.internal.DefaultModelResolver.resolveModel(DefaultModelResolver.java:222) ~[maven-resolver-provider-3.8.4.jar:3.8.4]
	at org.apache.maven.model.building.DefaultModelBuilder.readParentExternally(DefaultModelBuilder.java:1077) ~[maven-model-builder-3.8.4.jar:3.8.4]
	at org.apache.maven.model.building.DefaultModelBuilder.readParent(DefaultModelBuilder.java:853) ~[maven-model-builder-3.8.4.jar:3.8.4]
	at org.apache.maven.model.building.DefaultModelBuilder.build(DefaultModelBuilder.java:344) ~[maven-model-builder-3.8.4.jar:3.8.4]
	at org.apache.maven.model.building.DefaultModelBuilder.build(DefaultModelBuilder.java:252) ~[maven-model-builder-3.8.4.jar:3.8.4]
	at org.apache.maven.repository.internal.DefaultArtifactDescriptorReader.loadPom(DefaultArtifactDescriptorReader.java:297) ~[maven-resolver-provider-3.8.4.jar:3.8.4]
	at org.apache.maven.repository.internal.DefaultArtifactDescriptorReader.readArtifactDescriptor(DefaultArtifactDescriptorReader.java:175) ~[maven-resolver-provider-3.8.4.jar:3.8.4]
	at org.eclipse.aether.internal.impl.collect.DefaultDependencyCollector.resolveCachedArtifactDescriptor(DefaultDependencyCollector.java:538) ~[maven-resolver-impl-1.6.3.jar:1.6.3]
	at org.eclipse.aether.internal.impl.collect.DefaultDependencyCollector.getArtifactDescriptorResult(DefaultDependencyCollector.java:523) ~[maven-resolver-impl-1.6.3.jar:1.6.3]
	at org.eclipse.aether.internal.impl.collect.DefaultDependencyCollector.processDependency(DefaultDependencyCollector.java:410) ~[maven-resolver-impl-1.6.3.jar:1.6.3]
	at org.eclipse.aether.internal.impl.collect.DefaultDependencyCollector.processDependency(DefaultDependencyCollector.java:362) ~[maven-resolver-impl-1.6.3.jar:1.6.3]
	at org.eclipse.aether.internal.impl.collect.DefaultDependencyCollector.process(DefaultDependencyCollector.java:349) ~[maven-resolver-impl-1.6.3.jar:1.6.3]
	at org.eclipse.aether.internal.impl.collect.DefaultDependencyCollector.doRecurse(DefaultDependencyCollector.java:506) ~[maven-resolver-impl-1.6.3.jar:1.6.3]
	at org.eclipse.aether.internal.impl.collect.DefaultDependencyCollector.processDependency(DefaultDependencyCollector.java:458) ~[maven-resolver-impl-1.6.3.jar:1.6.3]
	at org.eclipse.aether.internal.impl.collect.DefaultDependencyCollector.processDependency(DefaultDependencyCollector.java:362) ~[maven-resolver-impl-1.6.3.jar:1.6.3]
	at org.eclipse.aether.internal.impl.collect.DefaultDependencyCollector.process(DefaultDependencyCollector.java:349) ~[maven-resolver-impl-1.6.3.jar:1.6.3]
	at org.eclipse.aether.internal.impl.collect.DefaultDependencyCollector.doRecurse(DefaultDependencyCollector.java:506) ~[maven-resolver-impl-1.6.3.jar:1.6.3]
	at org.eclipse.aether.internal.impl.collect.DefaultDependencyCollector.processDependency(DefaultDependencyCollector.java:458) ~[maven-resolver-impl-1.6.3.jar:1.6.3]
	at org.eclipse.aether.internal.impl.collect.DefaultDependencyCollector.processDependency(DefaultDependencyCollector.java:362) ~[maven-resolver-impl-1.6.3.jar:1.6.3]
	at org.eclipse.aether.internal.impl.collect.DefaultDependencyCollector.process(DefaultDependencyCollector.java:349) ~[maven-resolver-impl-1.6.3.jar:1.6.3]
	at org.eclipse.aether.internal.impl.collect.DefaultDependencyCollector.collectDependencies(DefaultDependencyCollector.java:254) ~[maven-resolver-impl-1.6.3.jar:1.6.3]
	at org.eclipse.aether.internal.impl.DefaultRepositorySystem.collectDependencies(DefaultRepositorySystem.java:284) ~[maven-resolver-impl-1.6.3.jar:1.6.3]
	at org.apache.maven.project.DefaultProjectDependenciesResolver.resolve(DefaultProjectDependenciesResolver.java:170) ~[maven-core-3.8.4.jar:3.8.4]
	at org.apache.maven.project.DefaultProjectBuilder.resolveDependencies(DefaultProjectBuilder.java:227) ~[maven-core-3.8.4.jar:3.8.4]
	at org.apache.maven.project.DefaultProjectBuilder.build(DefaultProjectBuilder.java:200) ~[maven-core-3.8.4.jar:3.8.4]
	at org.apache.maven.project.DefaultProjectBuilder.build(DefaultProjectBuilder.java:124) ~[maven-core-3.8.4.jar:3.8.4]
	at org.eclipse.m2e.core.internal.embedder.MavenImpl.readMavenProject(MavenImpl.java:649) ~[na:na]
	at org.eclipse.m2e.core.internal.project.registry.DefaultMavenDependencyResolver.resolveProjectDependencies(DefaultMavenDependencyResolver.java:65) ~[na:na]
	at org.eclipse.m2e.core.internal.project.registry.ProjectRegistryManager.refreshPhase2(ProjectRegistryManager.java:535) ~[na:na]
	at org.eclipse.m2e.core.internal.project.registry.ProjectRegistryManager.lambda$3(ProjectRegistryManager.java:499) ~[na:na]
	at org.eclipse.m2e.core.internal.embedder.MavenExecutionContext.executeBare(MavenExecutionContext.java:182) ~[na:na]
	at org.eclipse.m2e.core.internal.embedder.MavenExecutionContext.execute(MavenExecutionContext.java:156) ~[na:na]
	at org.eclipse.m2e.core.internal.project.registry.ProjectRegistryManager.refresh(ProjectRegistryManager.java:497) ~[na:na]
	at org.eclipse.m2e.core.internal.project.registry.ProjectRegistryManager.refresh(ProjectRegistryManager.java:349) ~[na:na]
	at org.eclipse.m2e.core.internal.project.registry.ProjectRegistryRefreshJob.lambda$4(ProjectRegistryRefreshJob.java:140) ~[na:na]
	at org.eclipse.m2e.core.internal.embedder.MavenExecutionContext.executeBare(MavenExecutionContext.java:182) ~[na:na]
	at org.eclipse.m2e.core.internal.embedder.MavenExecutionContext.execute(MavenExecutionContext.java:156) ~[na:na]
	at org.eclipse.m2e.core.internal.embedder.MavenExecutionContext.execute(MavenExecutionContext.java:103) ~[na:na]
	at org.eclipse.m2e.core.internal.embedder.MavenImpl.execute(MavenImpl.java:1411) ~[na:na]
	at org.eclipse.m2e.core.internal.project.registry.ProjectRegistryRefreshJob.lambda$0(ProjectRegistryRefreshJob.java:139) ~[na:na]
	at org.eclipse.m2e.core.internal.embedder.MavenExecutionContext.executeBare(MavenExecutionContext.java:182) ~[na:na]
	at org.eclipse.m2e.core.internal.embedder.MavenExecutionContext.execute(MavenExecutionContext.java:156) ~[na:na]
	at org.eclipse.m2e.core.internal.embedder.MavenExecutionContext.execute(MavenExecutionContext.java:103) ~[na:na]
	at org.eclipse.m2e.core.internal.embedder.MavenImpl.execute(MavenImpl.java:1416) ~[na:na]
	at org.eclipse.m2e.core.internal.project.registry.ProjectRegistryRefreshJob.run(ProjectRegistryRefreshJob.java:83) ~[na:na]
	at org.eclipse.core.internal.jobs.Worker.run(Worker.java:63) ~[org.eclipse.core.jobs_3.13.0.v20220512-1935.jar:na]
2023-01-24 22:49:38,691 [AetherRepositoryConnector-repo.maven.apache.org-0-1] INFO  o.e.m.c.i.e.AbstractTransferListenerAdapter - Downloading https://repo.maven.apache.org/maven2/org/slf4j/slf4j-api/1.7.32/slf4j-api-1.7.32.jar
2023-01-24 22:49:38,700 [AetherRepositoryConnector-repo.maven.apache.org-1-1] INFO  o.e.m.c.i.e.AbstractTransferListenerAdapter - Downloading https://repo.maven.apache.org/maven2/org/slf4j/slf4j-api/1.7.32/slf4j-api-1.7.32.jar
2023-01-24 22:49:38,751 [AetherRepositoryConnector-repo.maven.apache.org-1-2] INFO  o.e.m.c.i.e.AbstractTransferListenerAdapter - Downloading https://repo.maven.apache.org/maven2/com/google/code/gson/gson/2.8.8/gson-2.8.8.jar
2023-01-24 22:49:38,861 [AetherRepositoryConnector-repo.maven.apache.org-0-4] INFO  o.e.m.c.i.e.AbstractTransferListenerAdapter - Downloading https://repo.maven.apache.org/maven2/com/github/docker-java/docker-java/3.2.12/docker-java-3.2.12.jar
2023-01-24 22:49:38,861 [AetherRepositoryConnector-repo.maven.apache.org-0-0] INFO  o.e.m.c.i.e.AbstractTransferListenerAdapter - Downloading https://repo.maven.apache.org/maven2/io/github/bonigarcia/webdrivermanager/5.0.3/webdrivermanager-5.0.3.jar
2023-01-24 22:49:38,928 [AetherRepositoryConnector-repo.maven.apache.org-0-2] INFO  o.e.m.c.i.e.AbstractTransferListenerAdapter - Downloading https://repo.maven.apache.org/maven2/com/google/code/gson/gson/2.8.8/gson-2.8.8.jar
2023-01-24 22:49:38,928 [AetherRepositoryConnector-repo.maven.apache.org-0-3] INFO  o.e.m.c.i.e.AbstractTransferListenerAdapter - Downloading https://repo.maven.apache.org/maven2/org/jsoup/jsoup/1.14.2/jsoup-1.14.2.jar
2023-01-24 22:49:38,959 [AetherRepositoryConnector-repo.maven.apache.org-1-0] INFO  o.e.m.c.i.e.AbstractTransferListenerAdapter - Downloading https://repo.maven.apache.org/maven2/io/github/bonigarcia/webdrivermanager/5.0.3/webdrivermanager-5.0.3.jar
2023-01-24 22:49:38,959 [AetherRepositoryConnector-repo.maven.apache.org-1-4] INFO  o.e.m.c.i.e.AbstractTransferListenerAdapter - Downloading https://repo.maven.apache.org/maven2/com/github/docker-java/docker-java/3.2.12/docker-java-3.2.12.jar
2023-01-24 22:49:38,959 [AetherRepositoryConnector-repo.maven.apache.org-1-3] INFO  o.e.m.c.i.e.AbstractTransferListenerAdapter - Downloading https://repo.maven.apache.org/maven2/org/jsoup/jsoup/1.14.2/jsoup-1.14.2.jar
2023-01-24 22:49:39,246 [AetherRepositoryConnector-repo.maven.apache.org-0-4] INFO  o.e.m.c.i.e.AbstractTransferListenerAdapter - Downloaded https://repo.maven.apache.org/maven2/com/github/docker-java/docker-java/3.2.12/docker-java-3.2.12.jar
2023-01-24 22:49:39,280 [AetherRepositoryConnector-repo.maven.apache.org-0-1] INFO  o.e.m.c.i.e.AbstractTransferListenerAdapter - Downloaded https://repo.maven.apache.org/maven2/org/slf4j/slf4j-api/1.7.32/slf4j-api-1.7.32.jar
2023-01-24 22:49:39,414 [AetherRepositoryConnector-repo.maven.apache.org-0-4] INFO  o.e.m.c.i.e.AbstractTransferListenerAdapter - Downloading https://repo.maven.apache.org/maven2/com/github/docker-java/docker-java-core/3.2.12/docker-java-core-3.2.12.jar
2023-01-24 22:49:39,429 [AetherRepositoryConnector-repo.maven.apache.org-0-0] INFO  o.e.m.c.i.e.AbstractTransferListenerAdapter - Downloaded https://repo.maven.apache.org/maven2/io/github/bonigarcia/webdrivermanager/5.0.3/webdrivermanager-5.0.3.jar
2023-01-24 22:49:39,438 [AetherRepositoryConnector-repo.maven.apache.org-1-4] INFO  o.e.m.c.i.e.AbstractTransferListenerAdapter - Downloaded https://repo.maven.apache.org/maven2/com/github/docker-java/docker-java/3.2.12/docker-java-3.2.12.jar
2023-01-24 22:49:39,447 [AetherRepositoryConnector-repo.maven.apache.org-1-2] INFO  o.e.m.c.i.e.AbstractTransferListenerAdapter - Downloaded https://repo.maven.apache.org/maven2/com/google/code/gson/gson/2.8.8/gson-2.8.8.jar
2023-01-24 22:49:39,451 [AetherRepositoryConnector-repo.maven.apache.org-1-0] INFO  o.e.m.c.i.e.AbstractTransferListenerAdapter - Downloaded https://repo.maven.apache.org/maven2/io/github/bonigarcia/webdrivermanager/5.0.3/webdrivermanager-5.0.3.jar
2023-01-24 22:49:39,512 [AetherRepositoryConnector-repo.maven.apache.org-0-1] INFO  o.e.m.c.i.e.AbstractTransferListenerAdapter - Downloading https://repo.maven.apache.org/maven2/com/github/docker-java/docker-java-api/3.2.12/docker-java-api-3.2.12.jar
2023-01-24 22:49:39,595 [AetherRepositoryConnector-repo.maven.apache.org-0-0] INFO  o.e.m.c.i.e.AbstractTransferListenerAdapter - Downloading https://repo.maven.apache.org/maven2/commons-lang/commons-lang/2.6/commons-lang-2.6.jar
2023-01-24 22:49:39,602 [AetherRepositoryConnector-repo.maven.apache.org-0-2] INFO  o.e.m.c.i.e.AbstractTransferListenerAdapter - Downloaded https://repo.maven.apache.org/maven2/com/google/code/gson/gson/2.8.8/gson-2.8.8.jar
2023-01-24 22:49:39,607 [AetherRepositoryConnector-repo.maven.apache.org-1-4] INFO  o.e.m.c.i.e.AbstractTransferListenerAdapter - Downloading https://repo.maven.apache.org/maven2/com/github/docker-java/docker-java-core/3.2.12/docker-java-core-3.2.12.jar
2023-01-24 22:49:39,629 [AetherRepositoryConnector-repo.maven.apache.org-1-1] INFO  o.e.m.c.i.e.AbstractTransferListenerAdapter - Downloaded https://repo.maven.apache.org/maven2/org/slf4j/slf4j-api/1.7.32/slf4j-api-1.7.32.jar
2023-01-24 22:49:39,636 [AetherRepositoryConnector-repo.maven.apache.org-0-3] INFO  o.e.m.c.i.e.AbstractTransferListenerAdapter - Downloaded https://repo.maven.apache.org/maven2/org/jsoup/jsoup/1.14.2/jsoup-1.14.2.jar
2023-01-24 22:49:39,701 [AetherRepositoryConnector-repo.maven.apache.org-0-4] INFO  o.e.m.c.i.e.AbstractTransferListenerAdapter - Downloaded https://repo.maven.apache.org/maven2/com/github/docker-java/docker-java-core/3.2.12/docker-java-core-3.2.12.jar
2023-01-24 22:49:39,764 [AetherRepositoryConnector-repo.maven.apache.org-0-1] INFO  o.e.m.c.i.e.AbstractTransferListenerAdapter - Downloaded https://repo.maven.apache.org/maven2/com/github/docker-java/docker-java-api/3.2.12/docker-java-api-3.2.12.jar
2023-01-24 22:49:39,769 [AetherRepositoryConnector-repo.maven.apache.org-0-2] INFO  o.e.m.c.i.e.AbstractTransferListenerAdapter - Downloading https://repo.maven.apache.org/maven2/com/github/docker-java/docker-java-transport-httpclient5/3.2.12/docker-java-transport-httpclient5-3.2.12.jar
2023-01-24 22:49:39,813 [AetherRepositoryConnector-repo.maven.apache.org-1-0] INFO  o.e.m.c.i.e.AbstractTransferListenerAdapter - Downloading https://repo.maven.apache.org/maven2/commons-lang/commons-lang/2.6/commons-lang-2.6.jar
2023-01-24 22:49:39,823 [AetherRepositoryConnector-repo.maven.apache.org-1-3] INFO  o.e.m.c.i.e.AbstractTransferListenerAdapter - Downloaded https://repo.maven.apache.org/maven2/org/jsoup/jsoup/1.14.2/jsoup-1.14.2.jar
2023-01-24 22:49:39,826 [AetherRepositoryConnector-repo.maven.apache.org-1-2] INFO  o.e.m.c.i.e.AbstractTransferListenerAdapter - Downloading https://repo.maven.apache.org/maven2/com/github/docker-java/docker-java-api/3.2.12/docker-java-api-3.2.12.jar
2023-01-24 22:49:39,851 [AetherRepositoryConnector-repo.maven.apache.org-0-3] INFO  o.e.m.c.i.e.AbstractTransferListenerAdapter - Downloading https://repo.maven.apache.org/maven2/com/github/docker-java/docker-java-transport/3.2.12/docker-java-transport-3.2.12.jar
2023-01-24 22:49:39,854 [AetherRepositoryConnector-repo.maven.apache.org-1-1] INFO  o.e.m.c.i.e.AbstractTransferListenerAdapter - Downloading https://repo.maven.apache.org/maven2/com/github/docker-java/docker-java-transport-httpclient5/3.2.12/docker-java-transport-httpclient5-3.2.12.jar
2023-01-24 22:49:39,874 [AetherRepositoryConnector-repo.maven.apache.org-0-0] INFO  o.e.m.c.i.e.AbstractTransferListenerAdapter - Downloaded https://repo.maven.apache.org/maven2/commons-lang/commons-lang/2.6/commons-lang-2.6.jar
2023-01-24 22:49:39,925 [AetherRepositoryConnector-repo.maven.apache.org-0-4] INFO  o.e.m.c.i.e.AbstractTransferListenerAdapter - Downloading https://repo.maven.apache.org/maven2/org/apache/httpcomponents/client5/httpclient5/5.0.3/httpclient5-5.0.3.jar
2023-01-24 22:49:39,943 [AetherRepositoryConnector-repo.maven.apache.org-1-4] INFO  o.e.m.c.i.e.AbstractTransferListenerAdapter - Downloaded https://repo.maven.apache.org/maven2/com/github/docker-java/docker-java-core/3.2.12/docker-java-core-3.2.12.jar
2023-01-24 22:49:39,958 [AetherRepositoryConnector-repo.maven.apache.org-0-1] INFO  o.e.m.c.i.e.AbstractTransferListenerAdapter - Downloading https://repo.maven.apache.org/maven2/org/apache/httpcomponents/core5/httpcore5/5.0.2/httpcore5-5.0.2.jar
2023-01-24 22:49:39,999 [AetherRepositoryConnector-repo.maven.apache.org-1-3] INFO  o.e.m.c.i.e.AbstractTransferListenerAdapter - Downloading https://repo.maven.apache.org/maven2/com/github/docker-java/docker-java-transport/3.2.12/docker-java-transport-3.2.12.jar
2023-01-24 22:49:40,029 [AetherRepositoryConnector-repo.maven.apache.org-1-0] INFO  o.e.m.c.i.e.AbstractTransferListenerAdapter - Downloaded https://repo.maven.apache.org/maven2/commons-lang/commons-lang/2.6/commons-lang-2.6.jar
2023-01-24 22:49:40,073 [AetherRepositoryConnector-repo.maven.apache.org-0-0] INFO  o.e.m.c.i.e.AbstractTransferListenerAdapter - Downloading https://repo.maven.apache.org/maven2/commons-codec/commons-codec/1.13/commons-codec-1.13.jar
2023-01-24 22:49:40,114 [AetherRepositoryConnector-repo.maven.apache.org-1-2] INFO  o.e.m.c.i.e.AbstractTransferListenerAdapter - Downloaded https://repo.maven.apache.org/maven2/com/github/docker-java/docker-java-api/3.2.12/docker-java-api-3.2.12.jar
2023-01-24 22:49:40,132 [AetherRepositoryConnector-repo.maven.apache.org-0-2] INFO  o.e.m.c.i.e.AbstractTransferListenerAdapter - Downloaded https://repo.maven.apache.org/maven2/com/github/docker-java/docker-java-transport-httpclient5/3.2.12/docker-java-transport-httpclient5-3.2.12.jar
2023-01-24 22:49:40,152 [AetherRepositoryConnector-repo.maven.apache.org-0-4] INFO  o.e.m.c.i.e.AbstractTransferListenerAdapter - Downloaded https://repo.maven.apache.org/maven2/org/apache/httpcomponents/client5/httpclient5/5.0.3/httpclient5-5.0.3.jar
2023-01-24 22:49:40,163 [AetherRepositoryConnector-repo.maven.apache.org-1-4] INFO  o.e.m.c.i.e.AbstractTransferListenerAdapter - Downloading https://repo.maven.apache.org/maven2/org/apache/httpcomponents/client5/httpclient5/5.0.3/httpclient5-5.0.3.jar
2023-01-24 22:49:40,244 [AetherRepositoryConnector-repo.maven.apache.org-0-1] INFO  o.e.m.c.i.e.AbstractTransferListenerAdapter - Downloaded https://repo.maven.apache.org/maven2/org/apache/httpcomponents/core5/httpcore5/5.0.2/httpcore5-5.0.2.jar
2023-01-24 22:49:40,248 [AetherRepositoryConnector-repo.maven.apache.org-1-1] INFO  o.e.m.c.i.e.AbstractTransferListenerAdapter - Downloaded https://repo.maven.apache.org/maven2/com/github/docker-java/docker-java-transport-httpclient5/3.2.12/docker-java-transport-httpclient5-3.2.12.jar
2023-01-24 22:49:40,260 [AetherRepositoryConnector-repo.maven.apache.org-1-0] INFO  o.e.m.c.i.e.AbstractTransferListenerAdapter - Downloading https://repo.maven.apache.org/maven2/org/apache/httpcomponents/core5/httpcore5/5.0.2/httpcore5-5.0.2.jar
2023-01-24 22:49:40,311 [AetherRepositoryConnector-repo.maven.apache.org-0-0] INFO  o.e.m.c.i.e.AbstractTransferListenerAdapter - Downloaded https://repo.maven.apache.org/maven2/commons-codec/commons-codec/1.13/commons-codec-1.13.jar
2023-01-24 22:49:40,312 [AetherRepositoryConnector-repo.maven.apache.org-0-3] INFO  o.e.m.c.i.e.AbstractTransferListenerAdapter - Downloaded https://repo.maven.apache.org/maven2/com/github/docker-java/docker-java-transport/3.2.12/docker-java-transport-3.2.12.jar
2023-01-24 22:49:40,329 [AetherRepositoryConnector-repo.maven.apache.org-1-2] INFO  o.e.m.c.i.e.AbstractTransferListenerAdapter - Downloading https://repo.maven.apache.org/maven2/commons-codec/commons-codec/1.13/commons-codec-1.13.jar
2023-01-24 22:49:40,433 [AetherRepositoryConnector-repo.maven.apache.org-1-4] INFO  o.e.m.c.i.e.AbstractTransferListenerAdapter - Downloaded https://repo.maven.apache.org/maven2/org/apache/httpcomponents/client5/httpclient5/5.0.3/httpclient5-5.0.3.jar
2023-01-24 22:49:40,631 [AetherRepositoryConnector-repo.maven.apache.org-1-3] INFO  o.e.m.c.i.e.AbstractTransferListenerAdapter - Downloaded https://repo.maven.apache.org/maven2/com/github/docker-java/docker-java-transport/3.2.12/docker-java-transport-3.2.12.jar
2023-01-24 22:49:40,639 [AetherRepositoryConnector-repo.maven.apache.org-1-2] INFO  o.e.m.c.i.e.AbstractTransferListenerAdapter - Downloaded https://repo.maven.apache.org/maven2/commons-codec/commons-codec/1.13/commons-codec-1.13.jar
2023-01-24 22:49:40,641 [AetherRepositoryConnector-repo.maven.apache.org-1-0] INFO  o.e.m.c.i.e.AbstractTransferListenerAdapter - Downloaded https://repo.maven.apache.org/maven2/org/apache/httpcomponents/core5/httpcore5/5.0.2/httpcore5-5.0.2.jar
2023-01-24 22:49:42,851 [Worker-0: Download sources and javadoc] INFO  o.e.m.c.i.e.AbstractTransferListenerAdapter - Downloading https://repo.maven.apache.org/maven2/io/github/bonigarcia/webdrivermanager/5.0.3/webdrivermanager-5.0.3-sources.jar
2023-01-24 22:49:43,164 [Worker-22: Building] INFO  o.e.m.c.i.embedder.EclipseLogger - Using 'UTF-8' encoding to copy filtered resources.
2023-01-24 22:49:43,165 [Worker-22: Building] INFO  o.e.m.c.i.embedder.EclipseLogger - skip non existing resourceDirectory C:\Users\Asus\Documents\GitHub\PiyuhDalalstreet\dalalstreet\src\main\resources
2023-01-24 22:49:43,169 [Worker-22: Building] INFO  o.e.m.c.i.embedder.EclipseLogger - Using 'UTF-8' encoding to copy filtered resources.
2023-01-24 22:49:43,169 [Worker-22: Building] INFO  o.e.m.c.i.embedder.EclipseLogger - skip non existing resourceDirectory C:\Users\Asus\Documents\GitHub\PiyuhDalalstreet\dalalstreet\src\test\resources
2023-01-24 22:49:43,341 [Worker-0: Download sources and javadoc] INFO  o.e.m.c.i.e.AbstractTransferListenerAdapter - Downloaded https://repo.maven.apache.org/maven2/io/github/bonigarcia/webdrivermanager/5.0.3/webdrivermanager-5.0.3-sources.jar
2023-01-24 22:49:43,356 [Worker-0: Download sources and javadoc] INFO  o.e.m.j.internal.DownloadSourcesJob - Downloaded sources for io.github.bonigarcia:webdrivermanager:5.0.3
2023-01-24 22:49:44,043 [Worker-0: Download sources and javadoc] INFO  o.e.m.c.i.e.AbstractTransferListenerAdapter - Downloading https://repo.maven.apache.org/maven2/org/slf4j/slf4j-api/1.7.32/slf4j-api-1.7.32-sources.jar
2023-01-24 22:49:44,419 [Worker-0: Download sources and javadoc] INFO  o.e.m.c.i.e.AbstractTransferListenerAdapter - Downloaded https://repo.maven.apache.org/maven2/org/slf4j/slf4j-api/1.7.32/slf4j-api-1.7.32-sources.jar
2023-01-24 22:49:44,424 [Worker-0: Download sources and javadoc] INFO  o.e.m.j.internal.DownloadSourcesJob - Downloaded sources for org.slf4j:slf4j-api:1.7.32
2023-01-24 22:49:44,850 [Worker-10: Updating Maven Dependencies] INFO  o.e.m.c.i.l.LifecycleMappingFactory - Using org.eclipse.m2e.jdt.JarLifecycleMapping lifecycle mapping for MavenProject: dalal:dalalstreet:0.0.1-SNAPSHOT @ C:\Users\Asus\Documents\GitHub\PiyuhDalalstreet\dalalstreet\pom.xml.
2023-01-24 22:49:45,090 [Worker-21: Building] INFO  o.e.m.c.i.embedder.EclipseLogger - Using 'UTF-8' encoding to copy filtered resources.
2023-01-24 22:49:45,092 [Worker-21: Building] INFO  o.e.m.c.i.embedder.EclipseLogger - skip non existing resourceDirectory C:\Users\Asus\Documents\GitHub\PiyuhDalalstreet\dalalstreet\src\main\resources
2023-01-24 22:49:45,095 [Worker-21: Building] INFO  o.e.m.c.i.embedder.EclipseLogger - Using 'UTF-8' encoding to copy filtered resources.
2023-01-24 22:49:45,100 [Worker-21: Building] INFO  o.e.m.c.i.embedder.EclipseLogger - skip non existing resourceDirectory C:\Users\Asus\Documents\GitHub\PiyuhDalalstreet\dalalstreet\src\test\resources
2023-01-24 22:49:45,208 [Worker-0: Download sources and javadoc] INFO  o.e.m.c.i.e.AbstractTransferListenerAdapter - Downloading https://repo.maven.apache.org/maven2/com/google/code/gson/gson/2.8.8/gson-2.8.8-sources.jar
2023-01-24 22:49:45,810 [Worker-0: Download sources and javadoc] INFO  o.e.m.c.i.e.AbstractTransferListenerAdapter - Downloaded https://repo.maven.apache.org/maven2/com/google/code/gson/gson/2.8.8/gson-2.8.8-sources.jar
2023-01-24 22:49:45,813 [Worker-0: Download sources and javadoc] INFO  o.e.m.j.internal.DownloadSourcesJob - Downloaded sources for com.google.code.gson:gson:2.8.8
2023-01-24 22:49:46,216 [Worker-23: Building] INFO  o.e.m.c.i.embedder.EclipseLogger - Using 'UTF-8' encoding to copy filtered resources.
2023-01-24 22:49:46,218 [Worker-23: Building] INFO  o.e.m.c.i.embedder.EclipseLogger - skip non existing resourceDirectory C:\Users\Asus\Documents\GitHub\PiyuhDalalstreet\dalalstreet\src\main\resources
2023-01-24 22:49:46,220 [Worker-23: Building] INFO  o.e.m.c.i.embedder.EclipseLogger - Using 'UTF-8' encoding to copy filtered resources.
2023-01-24 22:49:46,221 [Worker-23: Building] INFO  o.e.m.c.i.embedder.EclipseLogger - skip non existing resourceDirectory C:\Users\Asus\Documents\GitHub\PiyuhDalalstreet\dalalstreet\src\test\resources
2023-01-24 22:49:46,727 [Worker-0: Download sources and javadoc] INFO  o.e.m.c.i.e.AbstractTransferListenerAdapter - Downloading https://repo.maven.apache.org/maven2/org/jsoup/jsoup/1.14.2/jsoup-1.14.2-sources.jar
2023-01-24 22:49:47,389 [Worker-0: Download sources and javadoc] INFO  o.e.m.c.i.e.AbstractTransferListenerAdapter - Downloaded https://repo.maven.apache.org/maven2/org/jsoup/jsoup/1.14.2/jsoup-1.14.2-sources.jar
2023-01-24 22:49:47,393 [Worker-0: Download sources and javadoc] INFO  o.e.m.j.internal.DownloadSourcesJob - Downloaded sources for org.jsoup:jsoup:1.14.2
2023-01-24 22:49:48,069 [Worker-0: Download sources and javadoc] INFO  o.e.m.c.i.e.AbstractTransferListenerAdapter - Downloading https://repo.maven.apache.org/maven2/com/github/docker-java/docker-java/3.2.12/docker-java-3.2.12-sources.jar
2023-01-24 22:49:48,398 [Worker-0: Download sources and javadoc] INFO  o.e.m.c.i.e.AbstractTransferListenerAdapter - Downloaded https://repo.maven.apache.org/maven2/com/github/docker-java/docker-java/3.2.12/docker-java-3.2.12-sources.jar
2023-01-24 22:49:48,402 [Worker-0: Download sources and javadoc] INFO  o.e.m.j.internal.DownloadSourcesJob - Downloaded sources for com.github.docker-java:docker-java:3.2.12
2023-01-24 22:49:49,170 [Worker-0: Download sources and javadoc] INFO  o.e.m.c.i.e.AbstractTransferListenerAdapter - Downloading https://repo.maven.apache.org/maven2/com/github/docker-java/docker-java-core/3.2.12/docker-java-core-3.2.12-sources.jar
2023-01-24 22:49:49,812 [Worker-0: Download sources and javadoc] INFO  o.e.m.c.i.e.AbstractTransferListenerAdapter - Downloaded https://repo.maven.apache.org/maven2/com/github/docker-java/docker-java-core/3.2.12/docker-java-core-3.2.12-sources.jar
2023-01-24 22:49:49,817 [Worker-0: Download sources and javadoc] INFO  o.e.m.j.internal.DownloadSourcesJob - Downloaded sources for com.github.docker-java:docker-java-core:3.2.12
2023-01-24 22:49:50,584 [Worker-0: Download sources and javadoc] INFO  o.e.m.c.i.e.AbstractTransferListenerAdapter - Downloading https://repo.maven.apache.org/maven2/com/github/docker-java/docker-java-api/3.2.12/docker-java-api-3.2.12-sources.jar
2023-01-24 22:49:51,246 [Worker-0: Download sources and javadoc] INFO  o.e.m.c.i.e.AbstractTransferListenerAdapter - Downloaded https://repo.maven.apache.org/maven2/com/github/docker-java/docker-java-api/3.2.12/docker-java-api-3.2.12-sources.jar
2023-01-24 22:49:51,252 [Worker-0: Download sources and javadoc] INFO  o.e.m.j.internal.DownloadSourcesJob - Downloaded sources for com.github.docker-java:docker-java-api:3.2.12
2023-01-24 22:49:52,016 [Worker-0: Download sources and javadoc] INFO  o.e.m.c.i.e.AbstractTransferListenerAdapter - Downloading https://repo.maven.apache.org/maven2/commons-lang/commons-lang/2.6/commons-lang-2.6-sources.jar
2023-01-24 22:49:52,828 [Worker-0: Download sources and javadoc] INFO  o.e.m.c.i.e.AbstractTransferListenerAdapter - Downloaded https://repo.maven.apache.org/maven2/commons-lang/commons-lang/2.6/commons-lang-2.6-sources.jar
2023-01-24 22:49:52,834 [Worker-0: Download sources and javadoc] INFO  o.e.m.j.internal.DownloadSourcesJob - Downloaded sources for commons-lang:commons-lang:2.6
2023-01-24 22:49:53,501 [Worker-0: Download sources and javadoc] INFO  o.e.m.c.i.e.AbstractTransferListenerAdapter - Downloading https://repo.maven.apache.org/maven2/com/github/docker-java/docker-java-transport-httpclient5/3.2.12/docker-java-transport-httpclient5-3.2.12-sources.jar
2023-01-24 22:49:53,836 [Worker-0: Download sources and javadoc] INFO  o.e.m.c.i.e.AbstractTransferListenerAdapter - Downloaded https://repo.maven.apache.org/maven2/com/github/docker-java/docker-java-transport-httpclient5/3.2.12/docker-java-transport-httpclient5-3.2.12-sources.jar
2023-01-24 22:49:53,839 [Worker-0: Download sources and javadoc] INFO  o.e.m.j.internal.DownloadSourcesJob - Downloaded sources for com.github.docker-java:docker-java-transport-httpclient5:3.2.12
2023-01-24 22:49:54,503 [Worker-0: Download sources and javadoc] INFO  o.e.m.c.i.e.AbstractTransferListenerAdapter - Downloading https://repo.maven.apache.org/maven2/com/github/docker-java/docker-java-transport/3.2.12/docker-java-transport-3.2.12-sources.jar
2023-01-24 22:49:54,841 [Worker-0: Download sources and javadoc] INFO  o.e.m.c.i.e.AbstractTransferListenerAdapter - Downloaded https://repo.maven.apache.org/maven2/com/github/docker-java/docker-java-transport/3.2.12/docker-java-transport-3.2.12-sources.jar
2023-01-24 22:49:54,845 [Worker-0: Download sources and javadoc] INFO  o.e.m.j.internal.DownloadSourcesJob - Downloaded sources for com.github.docker-java:docker-java-transport:3.2.12
2023-01-24 22:49:55,507 [Worker-0: Download sources and javadoc] INFO  o.e.m.c.i.e.AbstractTransferListenerAdapter - Downloading https://repo.maven.apache.org/maven2/org/apache/httpcomponents/client5/httpclient5/5.0.3/httpclient5-5.0.3-sources.jar
2023-01-24 22:49:56,353 [Worker-0: Download sources and javadoc] INFO  o.e.m.c.i.e.AbstractTransferListenerAdapter - Downloaded https://repo.maven.apache.org/maven2/org/apache/httpcomponents/client5/httpclient5/5.0.3/httpclient5-5.0.3-sources.jar
2023-01-24 22:49:56,357 [Worker-0: Download sources and javadoc] INFO  o.e.m.j.internal.DownloadSourcesJob - Downloaded sources for org.apache.httpcomponents.client5:httpclient5:5.0.3
2023-01-24 22:49:57,019 [Worker-0: Download sources and javadoc] INFO  o.e.m.c.i.e.AbstractTransferListenerAdapter - Downloading https://repo.maven.apache.org/maven2/org/apache/httpcomponents/core5/httpcore5/5.0.2/httpcore5-5.0.2-sources.jar
2023-01-24 22:49:57,928 [Worker-0: Download sources and javadoc] INFO  o.e.m.c.i.e.AbstractTransferListenerAdapter - Downloaded https://repo.maven.apache.org/maven2/org/apache/httpcomponents/core5/httpcore5/5.0.2/httpcore5-5.0.2-sources.jar
2023-01-24 22:49:57,933 [Worker-0: Download sources and javadoc] INFO  o.e.m.j.internal.DownloadSourcesJob - Downloaded sources for org.apache.httpcomponents.core5:httpcore5:5.0.2
2023-01-24 22:49:58,752 [Worker-0: Download sources and javadoc] INFO  o.e.m.c.i.e.AbstractTransferListenerAdapter - Downloading https://repo.maven.apache.org/maven2/commons-codec/commons-codec/1.13/commons-codec-1.13-sources.jar
2023-01-24 22:49:59,621 [Worker-0: Download sources and javadoc] INFO  o.e.m.c.i.e.AbstractTransferListenerAdapter - Downloaded https://repo.maven.apache.org/maven2/commons-codec/commons-codec/1.13/commons-codec-1.13-sources.jar
2023-01-24 22:49:59,624 [Worker-0: Download sources and javadoc] INFO  o.e.m.j.internal.DownloadSourcesJob - Downloaded sources for commons-codec:commons-codec:1.13
2023-01-24 22:49:59,879 [Worker-10: Building] INFO  o.e.m.c.i.embedder.EclipseLogger - Using 'UTF-8' encoding to copy filtered resources.
2023-01-24 22:49:59,879 [Worker-10: Building] INFO  o.e.m.c.i.embedder.EclipseLogger - skip non existing resourceDirectory C:\Users\Asus\Documents\GitHub\PiyuhDalalstreet\dalalstreet\src\main\resources
2023-01-24 22:49:59,881 [Worker-10: Building] INFO  o.e.m.c.i.embedder.EclipseLogger - Using 'UTF-8' encoding to copy filtered resources.
2023-01-24 22:49:59,881 [Worker-10: Building] INFO  o.e.m.c.i.embedder.EclipseLogger - skip non existing resourceDirectory C:\Users\Asus\Documents\GitHub\PiyuhDalalstreet\dalalstreet\src\test\resources
2023-01-24 22:50:31,315 [Worker-25: Building] INFO  o.e.m.c.i.embedder.EclipseLogger - Using 'UTF-8' encoding to copy filtered resources.
2023-01-24 22:50:31,315 [Worker-25: Building] INFO  o.e.m.c.i.embedder.EclipseLogger - skip non existing resourceDirectory C:\Users\Asus\Documents\GitHub\PiyuhDalalstreet\dalalstreet\src\main\resources
2023-01-24 22:50:31,323 [Worker-25: Building] INFO  o.e.m.c.i.embedder.EclipseLogger - Using 'UTF-8' encoding to copy filtered resources.
2023-01-24 22:50:31,323 [Worker-25: Building] INFO  o.e.m.c.i.embedder.EclipseLogger - skip non existing resourceDirectory C:\Users\Asus\Documents\GitHub\PiyuhDalalstreet\dalalstreet\src\test\resources
2023-01-24 22:51:32,911 [Worker-22: Building] INFO  o.e.m.c.i.embedder.EclipseLogger - Using 'UTF-8' encoding to copy filtered resources.
2023-01-24 22:51:32,911 [Worker-22: Building] INFO  o.e.m.c.i.embedder.EclipseLogger - skip non existing resourceDirectory C:\Users\Asus\Documents\GitHub\PiyuhDalalstreet\dalalstreet\src\main\resources
2023-01-24 22:51:32,913 [Worker-22: Building] INFO  o.e.m.c.i.embedder.EclipseLogger - Using 'UTF-8' encoding to copy filtered resources.
2023-01-24 22:51:32,913 [Worker-22: Building] INFO  o.e.m.c.i.embedder.EclipseLogger - skip non existing resourceDirectory C:\Users\Asus\Documents\GitHub\PiyuhDalalstreet\dalalstreet\src\test\resources
2023-01-24 22:51:33,944 [Worker-22: Building] INFO  o.e.m.c.i.embedder.EclipseLogger - Using 'UTF-8' encoding to copy filtered resources.
2023-01-24 22:51:33,944 [Worker-22: Building] INFO  o.e.m.c.i.embedder.EclipseLogger - skip non existing resourceDirectory C:\Users\Asus\Documents\GitHub\PiyuhDalalstreet\dalalstreet\src\main\resources
2023-01-24 22:51:33,945 [Worker-22: Building] INFO  o.e.m.c.i.embedder.EclipseLogger - Using 'UTF-8' encoding to copy filtered resources.
2023-01-24 22:51:33,946 [Worker-22: Building] INFO  o.e.m.c.i.embedder.EclipseLogger - skip non existing resourceDirectory C:\Users\Asus\Documents\GitHub\PiyuhDalalstreet\dalalstreet\src\test\resources
2023-01-25 08:34:51,843 [Worker-6: Loading available Gradle versions] INFO  o.e.b.c.i.u.g.PublishedGradleVersions - Gradle version information cache is up-to-date. Trying to read.
2023-01-25 22:48:03,565 [Worker-3: Loading available Gradle versions] INFO  o.e.b.c.i.u.g.PublishedGradleVersions - Gradle version information cache is out-of-date. Trying to update.
2023-01-25 22:49:44,286 [Worker-17: Building] INFO  o.e.m.c.i.embedder.EclipseLogger - Using 'UTF-8' encoding to copy filtered resources.
2023-01-25 22:49:44,291 [Worker-17: Building] INFO  o.e.m.c.i.embedder.EclipseLogger - skip non existing resourceDirectory C:\Users\Asus\Documents\GitHub\PiyuhDalalstreet\dalalstreet\src\main\resources
2023-01-25 22:49:44,294 [Worker-17: Building] INFO  o.e.m.c.i.embedder.EclipseLogger - Using 'UTF-8' encoding to copy filtered resources.
2023-01-25 22:49:44,294 [Worker-17: Building] INFO  o.e.m.c.i.embedder.EclipseLogger - skip non existing resourceDirectory C:\Users\Asus\Documents\GitHub\PiyuhDalalstreet\dalalstreet\src\test\resources
2023-01-25 22:49:45,315 [Worker-7: Building] INFO  o.e.m.c.i.embedder.EclipseLogger - Using 'UTF-8' encoding to copy filtered resources.
2023-01-25 22:49:45,315 [Worker-7: Building] INFO  o.e.m.c.i.embedder.EclipseLogger - skip non existing resourceDirectory C:\Users\Asus\Documents\GitHub\PiyuhDalalstreet\dalalstreet\src\main\resources
2023-01-25 22:49:45,318 [Worker-7: Building] INFO  o.e.m.c.i.embedder.EclipseLogger - Using 'UTF-8' encoding to copy filtered resources.
2023-01-25 22:49:45,318 [Worker-7: Building] INFO  o.e.m.c.i.embedder.EclipseLogger - skip non existing resourceDirectory C:\Users\Asus\Documents\GitHub\PiyuhDalalstreet\dalalstreet\src\test\resources
2023-01-25 22:50:24,806 [Worker-14: Building] INFO  o.e.m.c.i.embedder.EclipseLogger - Using 'UTF-8' encoding to copy filtered resources.
2023-01-25 22:50:24,806 [Worker-14: Building] INFO  o.e.m.c.i.embedder.EclipseLogger - skip non existing resourceDirectory C:\Users\Asus\Documents\GitHub\PiyuhDalalstreet\dalalstreet\src\main\resources
2023-01-25 22:50:24,809 [Worker-14: Building] INFO  o.e.m.c.i.embedder.EclipseLogger - Using 'UTF-8' encoding to copy filtered resources.
2023-01-25 22:50:24,809 [Worker-14: Building] INFO  o.e.m.c.i.embedder.EclipseLogger - skip non existing resourceDirectory C:\Users\Asus\Documents\GitHub\PiyuhDalalstreet\dalalstreet\src\test\resources
2023-01-25 22:50:49,753 [Worker-4: Building] INFO  o.e.m.c.i.embedder.EclipseLogger - Using 'UTF-8' encoding to copy filtered resources.
2023-01-25 22:50:49,753 [Worker-4: Building] INFO  o.e.m.c.i.embedder.EclipseLogger - skip non existing resourceDirectory C:\Users\Asus\Documents\GitHub\PiyuhDalalstreet\dalalstreet\src\main\resources
2023-01-25 22:50:49,756 [Worker-4: Building] INFO  o.e.m.c.i.embedder.EclipseLogger - Using 'UTF-8' encoding to copy filtered resources.
2023-01-25 22:50:49,757 [Worker-4: Building] INFO  o.e.m.c.i.embedder.EclipseLogger - skip non existing resourceDirectory C:\Users\Asus\Documents\GitHub\PiyuhDalalstreet\dalalstreet\src\test\resources
2023-01-25 22:50:57,601 [Worker-9: Building] INFO  o.e.m.c.i.embedder.EclipseLogger - Using 'UTF-8' encoding to copy filtered resources.
2023-01-25 22:50:57,602 [Worker-9: Building] INFO  o.e.m.c.i.embedder.EclipseLogger - skip non existing resourceDirectory C:\Users\Asus\Documents\GitHub\PiyuhDalalstreet\dalalstreet\src\main\resources
2023-01-25 22:50:57,605 [Worker-9: Building] INFO  o.e.m.c.i.embedder.EclipseLogger - Using 'UTF-8' encoding to copy filtered resources.
2023-01-25 22:50:57,606 [Worker-9: Building] INFO  o.e.m.c.i.embedder.EclipseLogger - skip non existing resourceDirectory C:\Users\Asus\Documents\GitHub\PiyuhDalalstreet\dalalstreet\src\test\resources
2023-01-25 23:08:09,588 [Worker-9: Building] INFO  o.e.m.c.i.embedder.EclipseLogger - Using 'UTF-8' encoding to copy filtered resources.
2023-01-25 23:08:09,592 [Worker-9: Building] INFO  o.e.m.c.i.embedder.EclipseLogger - skip non existing resourceDirectory C:\Users\Asus\Documents\GitHub\PiyuhDalalstreet\dalalstreet\src\main\resources
2023-01-25 23:08:09,596 [Worker-9: Building] INFO  o.e.m.c.i.embedder.EclipseLogger - Using 'UTF-8' encoding to copy filtered resources.
2023-01-25 23:08:09,597 [Worker-9: Building] INFO  o.e.m.c.i.embedder.EclipseLogger - skip non existing resourceDirectory C:\Users\Asus\Documents\GitHub\PiyuhDalalstreet\dalalstreet\src\test\resources
2023-01-25 23:08:14,896 [Worker-9: Building] INFO  o.e.m.c.i.embedder.EclipseLogger - Using 'UTF-8' encoding to copy filtered resources.
2023-01-25 23:08:14,896 [Worker-9: Building] INFO  o.e.m.c.i.embedder.EclipseLogger - skip non existing resourceDirectory C:\Users\Asus\Documents\GitHub\PiyuhDalalstreet\dalalstreet\src\main\resources
2023-01-25 23:08:14,899 [Worker-9: Building] INFO  o.e.m.c.i.embedder.EclipseLogger - Using 'UTF-8' encoding to copy filtered resources.
2023-01-25 23:08:14,900 [Worker-9: Building] INFO  o.e.m.c.i.embedder.EclipseLogger - skip non existing resourceDirectory C:\Users\Asus\Documents\GitHub\PiyuhDalalstreet\dalalstreet\src\test\resources
